<?xml version="1.0" encoding="UTF-8"?>
<testsuite xmlns:xsi="http://www.w3.org/2001/XMLSchema-instance" xsi:noNamespaceSchemaLocation="https://maven.apache.org/surefire/maven-surefire-plugin/xsd/surefire-test-report.xsd" version="3.0.2" name="com.hikaro.warehouse.WarehouseApplicationTests" time="12.264" tests="13" errors="0" skipped="0" failures="0">
  <properties>
[...]
</properties>
  <testcase name="shouldReduceQueryCountWithEntityGraph" classname="com.hikaro.warehouse.WarehouseApplicationTests" time="0.422">
    <system-out><![CDATA[16:46:21.627 [main] INFO org.springframework.test.context.support.AnnotationConfigContextLoaderUtils -- Could not detect default configuration classes for test class [com.hikaro.warehouse.WarehouseApplicationTests]: WarehouseApplicationTests does not declare any static, non-private, non-final, nested classes annotated with @Configuration.
16:46:21.777 [main] INFO org.springframework.boot.test.context.SpringBootTestContextBootstrapper -- Found @SpringBootConfiguration com.hikaro.warehouse.WarehouseApplication for test class com.hikaro.warehouse.WarehouseApplicationTests

  .   ____          _            __ _ _
 /\\ / ___'_ __ _ _(_)_ __  __ _ \ \ \ \
( ( )\___ | '_ | '_| | '_ \/ _` | \ \ \ \
 \\/  ___)| |_)| | | | | || (_| |  ) ) ) )
  '  |____| .__|_| |_|_| |_\__, | / / / /
 =========|_|==============|___/=/_/_/_/

 :: Spring Boot ::                (v4.0.3)

2026-04-15 16:46:22.429 INFO  [main] c.h.w.WarehouseApplicationTests - Starting WarehouseApplicationTests using Java 25.0.2 with PID 42005 (started by hikaro in /home/hikaro/java/warehouse)
2026-04-15 16:46:22.431 DEBUG [main] c.h.w.WarehouseApplicationTests - Running with Spring Boot v4.0.3, Spring v7.0.5
2026-04-15 16:46:22.431 INFO  [main] c.h.w.WarehouseApplicationTests - No active profile set, falling back to 1 default profile: "default"
2026-04-15 16:46:22.432 DEBUG [main] o.s.boot.SpringApplication - Loading source class com.hikaro.warehouse.WarehouseApplication
2026-04-15 16:46:22.485 DEBUG [main] o.s.w.c.s.GenericWebApplicationContext - Refreshing org.springframework.web.context.support.GenericWebApplicationContext@20231384
2026-04-15 16:46:23.190 INFO  [main] o.s.d.r.c.RepositoryConfigurationDelegate - Bootstrapping Spring Data JPA repositories in DEFAULT mode.
2026-04-15 16:46:23.209 DEBUG [main] o.s.b.a.AutoConfigurationPackages - @EnableAutoConfiguration was declared on a class in the package 'com.hikaro.warehouse'. Automatic @Repository and @Entity scanning is enabled.
2026-04-15 16:46:23.251 INFO  [main] o.s.d.r.c.RepositoryConfigurationDelegate - Finished Spring Data repository scanning in 51 ms. Found 5 JPA repository interfaces.
2026-04-15 16:46:23.993 INFO  [main] com.zaxxer.hikari.HikariDataSource - HikariPool-1 - Starting...
2026-04-15 16:46:24.313 INFO  [main] com.zaxxer.hikari.pool.HikariPool - HikariPool-1 - Added connection conn0: url=jdbc:h2:mem:warehouse_test_db user=SA
2026-04-15 16:46:24.315 INFO  [main] com.zaxxer.hikari.HikariDataSource - HikariPool-1 - Start completed.
2026-04-15 16:46:24.427 INFO  [main] liquibase.database - Set default schema name to PUBLIC
2026-04-15 16:46:24.777 INFO  [main] liquibase.changelog - Creating database changelog table with name: PUBLIC.DATABASECHANGELOG
2026-04-15 16:46:24.857 INFO  [main] liquibase.changelog - Reading from PUBLIC.DATABASECHANGELOG
2026-04-15 16:46:24.905 INFO  [main] liquibase.snapshot - Creating snapshot
2026-04-15 16:46:24.995 INFO  [main] liquibase.lockservice - Successfully acquired change log lock
2026-04-15 16:46:24.995 INFO  [main] liquibase.command - Using deploymentId: 6260783974
2026-04-15 16:46:24.997 INFO  [main] liquibase.changelog - Reading from PUBLIC.DATABASECHANGELOG
2026-04-15 16:46:25.026 INFO  [main] liquibase.ui - Running Changeset: db/migrations/001-create-warehouses.yaml::001-create-warehouses::hikaro
2026-04-15 16:46:25.034 INFO  [main] liquibase.changelog - Table warehouses created
2026-04-15 16:46:25.036 INFO  [main] liquibase.changelog - ChangeSet db/migrations/001-create-warehouses.yaml::001-create-warehouses::hikaro ran successfully in 8ms
2026-04-15 16:46:25.042 INFO  [main] liquibase.ui - Running Changeset: db/migrations/002-create-suppliers.yaml::002-create-suppliers::hikaro
2026-04-15 16:46:25.044 INFO  [main] liquibase.changelog - Table suppliers created
2026-04-15 16:46:25.045 INFO  [main] liquibase.changelog - ChangeSet db/migrations/002-create-suppliers.yaml::002-create-suppliers::hikaro ran successfully in 3ms
2026-04-15 16:46:25.047 INFO  [main] liquibase.ui - Running Changeset: db/migrations/003-create-categories.yaml::003-create-categories::hikaro
2026-04-15 16:46:25.050 INFO  [main] liquibase.changelog - Table categories created
2026-04-15 16:46:25.050 INFO  [main] liquibase.changelog - ChangeSet db/migrations/003-create-categories.yaml::003-create-categories::hikaro ran successfully in 3ms
2026-04-15 16:46:25.052 INFO  [main] liquibase.ui - Running Changeset: db/migrations/004-create-products.yaml::004-create-products::hikaro
2026-04-15 16:46:25.055 INFO  [main] liquibase.changelog - Table products created
2026-04-15 16:46:25.061 INFO  [main] liquibase.changelog - Foreign key constraint added to products (warehouse_id)
2026-04-15 16:46:25.062 INFO  [main] liquibase.changelog - Foreign key constraint added to products (supplier_id)
2026-04-15 16:46:25.063 INFO  [main] liquibase.changelog - ChangeSet db/migrations/004-create-products.yaml::004-create-products::hikaro ran successfully in 11ms
2026-04-15 16:46:25.065 INFO  [main] liquibase.ui - Running Changeset: db/migrations/005-create-product-categories.yaml::005-create-product-categories::hikaro
2026-04-15 16:46:25.067 INFO  [main] liquibase.changelog - Table product_categories created
2026-04-15 16:46:25.069 INFO  [main] liquibase.changelog - Primary key added to product_categories (category_id, product_id)
2026-04-15 16:46:25.071 INFO  [main] liquibase.changelog - Foreign key constraint added to product_categories (product_id)
2026-04-15 16:46:25.074 INFO  [main] liquibase.changelog - Foreign key constraint added to product_categories (category_id)
2026-04-15 16:46:25.074 INFO  [main] liquibase.changelog - ChangeSet db/migrations/005-create-product-categories.yaml::005-create-product-categories::hikaro ran successfully in 9ms
2026-04-15 16:46:25.076 INFO  [main] liquibase.ui - Running Changeset: db/migrations/006-create-shipments.yaml::006-create-shipments::hikaro
2026-04-15 16:46:25.078 INFO  [main] liquibase.changelog - Table shipments created
2026-04-15 16:46:25.080 INFO  [main] liquibase.changelog - Foreign key constraint added to shipments (warehouse_id)
2026-04-15 16:46:25.080 INFO  [main] liquibase.changelog - ChangeSet db/migrations/006-create-shipments.yaml::006-create-shipments::hikaro ran successfully in 4ms
2026-04-15 16:46:25.082 INFO  [main] liquibase.ui - Running Changeset: db/migrations/007-create-shipment-products.yaml::007-create-shipment-products::hikaro
2026-04-15 16:46:25.084 INFO  [main] liquibase.changelog - Table shipment_products created
2026-04-15 16:46:25.085 INFO  [main] liquibase.changelog - Primary key added to shipment_products (product_id, shipment_id)
2026-04-15 16:46:25.088 INFO  [main] liquibase.changelog - Foreign key constraint added to shipment_products (shipment_id)
2026-04-15 16:46:25.090 INFO  [main] liquibase.changelog - Foreign key constraint added to shipment_products (product_id)
2026-04-15 16:46:25.090 INFO  [main] liquibase.changelog - ChangeSet db/migrations/007-create-shipment-products.yaml::007-create-shipment-products::hikaro ran successfully in 8ms
2026-04-15 16:46:25.092 INFO  [main] liquibase.ui - Running Changeset: db/migrations/008-seed-warehouses.yaml::008-seed-warehouses::hikaro
2026-04-15 16:46:25.094 INFO  [main] liquibase.changelog - New row inserted into warehouses
2026-04-15 16:46:25.096 INFO  [main] liquibase.changelog - New row inserted into warehouses
2026-04-15 16:46:25.098 INFO  [main] liquibase.changelog - ChangeSet db/migrations/008-seed-warehouses.yaml::008-seed-warehouses::hikaro ran successfully in 5ms
2026-04-15 16:46:25.107 INFO  [main] liquibase.ui - Running Changeset: db/migrations/009-seed-suppliers.yaml::009-seed-suppliers::hikaro
2026-04-15 16:46:25.109 INFO  [main] liquibase.changelog - New row inserted into suppliers
2026-04-15 16:46:25.110 INFO  [main] liquibase.changelog - New row inserted into suppliers
2026-04-15 16:46:25.111 INFO  [main] liquibase.changelog - ChangeSet db/migrations/009-seed-suppliers.yaml::009-seed-suppliers::hikaro ran successfully in 4ms
2026-04-15 16:46:25.115 INFO  [main] liquibase.ui - Running Changeset: db/migrations/010-seed-categories.yaml::010-seed-categories::hikaro
2026-04-15 16:46:25.117 INFO  [main] liquibase.changelog - New row inserted into categories
2026-04-15 16:46:25.118 INFO  [main] liquibase.changelog - New row inserted into categories
2026-04-15 16:46:25.119 INFO  [main] liquibase.changelog - New row inserted into categories
2026-04-15 16:46:25.120 INFO  [main] liquibase.changelog - ChangeSet db/migrations/010-seed-categories.yaml::010-seed-categories::hikaro ran successfully in 5ms
2026-04-15 16:46:25.126 INFO  [main] liquibase.ui - Running Changeset: db/migrations/011-seed-products.yaml::011-seed-products::hikaro
2026-04-15 16:46:25.128 INFO  [main] liquibase.changelog - New row inserted into products
2026-04-15 16:46:25.129 INFO  [main] liquibase.changelog - New row inserted into products
2026-04-15 16:46:25.131 INFO  [main] liquibase.changelog - New row inserted into products
2026-04-15 16:46:25.132 INFO  [main] liquibase.changelog - New row inserted into products
2026-04-15 16:46:25.132 INFO  [main] liquibase.changelog - ChangeSet db/migrations/011-seed-products.yaml::011-seed-products::hikaro ran successfully in 6ms
2026-04-15 16:46:25.137 INFO  [main] liquibase.ui - Running Changeset: db/migrations/012-seed-product-categories.yaml::012-seed-product-categories::hikaro
2026-04-15 16:46:25.139 INFO  [main] liquibase.changelog - New row inserted into product_categories
2026-04-15 16:46:25.140 INFO  [main] liquibase.changelog - New row inserted into product_categories
2026-04-15 16:46:25.141 INFO  [main] liquibase.changelog - New row inserted into product_categories
2026-04-15 16:46:25.143 INFO  [main] liquibase.changelog - New row inserted into product_categories
2026-04-15 16:46:25.144 INFO  [main] liquibase.changelog - New row inserted into product_categories
2026-04-15 16:46:25.145 INFO  [main] liquibase.changelog - New row inserted into product_categories
2026-04-15 16:46:25.146 INFO  [main] liquibase.changelog - New row inserted into product_categories
2026-04-15 16:46:25.147 INFO  [main] liquibase.changelog - ChangeSet db/migrations/012-seed-product-categories.yaml::012-seed-product-categories::hikaro ran successfully in 9ms
2026-04-15 16:46:25.150 INFO  [main] liquibase.ui - Running Changeset: db/migrations/013-seed-shipments.yaml::013-seed-shipments::hikaro
2026-04-15 16:46:25.152 INFO  [main] liquibase.changelog - New row inserted into shipments
2026-04-15 16:46:25.154 INFO  [main] liquibase.changelog - New row inserted into shipments
2026-04-15 16:46:25.154 INFO  [main] liquibase.changelog - ChangeSet db/migrations/013-seed-shipments.yaml::013-seed-shipments::hikaro ran successfully in 4ms
2026-04-15 16:46:25.158 INFO  [main] liquibase.ui - Running Changeset: db/migrations/014-seed-shipment-products.yaml::014-seed-shipment-products::hikaro
2026-04-15 16:46:25.159 INFO  [main] liquibase.changelog - New row inserted into shipment_products
2026-04-15 16:46:25.161 INFO  [main] liquibase.changelog - New row inserted into shipment_products
2026-04-15 16:46:25.162 INFO  [main] liquibase.changelog - New row inserted into shipment_products
2026-04-15 16:46:25.164 INFO  [main] liquibase.changelog - New row inserted into shipment_products
2026-04-15 16:46:25.164 INFO  [main] liquibase.changelog - ChangeSet db/migrations/014-seed-shipment-products.yaml::014-seed-shipment-products::hikaro ran successfully in 6ms
2026-04-15 16:46:25.167 INFO  [main] liquibase.ui - Running Changeset: db/migrations/015-reset-identity-counters.yaml::015-reset-identity-counters::hikaro
2026-04-15 16:46:25.177 INFO  [main] liquibase.changelog - Custom SQL executed
2026-04-15 16:46:25.179 INFO  [main] liquibase.changelog - Custom SQL executed
2026-04-15 16:46:25.180 INFO  [main] liquibase.changelog - Custom SQL executed
2026-04-15 16:46:25.181 INFO  [main] liquibase.changelog - Custom SQL executed
2026-04-15 16:46:25.183 INFO  [main] liquibase.changelog - Custom SQL executed
2026-04-15 16:46:25.183 INFO  [main] liquibase.changelog - ChangeSet db/migrations/015-reset-identity-counters.yaml::015-reset-identity-counters::hikaro ran successfully in 15ms
2026-04-15 16:46:25.190 INFO  [main] liquibase.util - UPDATE SUMMARY
2026-04-15 16:46:25.191 INFO  [main] liquibase.util - Run:                         15
2026-04-15 16:46:25.191 INFO  [main] liquibase.util - Previously run:               0
2026-04-15 16:46:25.191 INFO  [main] liquibase.util - Filtered out:                 0
2026-04-15 16:46:25.191 INFO  [main] liquibase.util - -------------------------------
2026-04-15 16:46:25.191 INFO  [main] liquibase.util - Total change sets:           15
2026-04-15 16:46:25.192 INFO  [main] liquibase.util - Update summary generated
2026-04-15 16:46:25.194 INFO  [main] liquibase.command - Update command completed successfully.
2026-04-15 16:46:25.194 INFO  [main] liquibase.ui - Liquibase: Update has been successful. Rows affected: 24
2026-04-15 16:46:25.196 INFO  [main] liquibase.lockservice - Successfully released change log lock
2026-04-15 16:46:25.196 INFO  [main] liquibase.command - Command execution complete
2026-04-15 16:46:26.971 INFO  [main] o.s.o.j.p.SpringPersistenceUnitInfo - No LoadTimeWeaver setup: ignoring JPA class transformer
2026-04-15 16:46:28.192 INFO  [main] o.s.o.j.LocalContainerEntityManagerFactoryBean - Initialized JPA EntityManagerFactory for persistence unit 'default'
2026-04-15 16:46:28.342 INFO  [main] o.s.d.j.r.q.QueryEnhancerFactories - Hibernate is in classpath; If applicable, HQL parser will be used.
2026-04-15 16:46:29.796 DEBUG [main] o.s.w.s.m.m.a.RequestMappingHandlerMapping - 37 mappings in 'requestMappingHandlerMapping'
2026-04-15 16:46:29.824 DEBUG [main] o.s.w.s.h.SimpleUrlHandlerMapping - Patterns [/webjars/**, /**] in 'resourceHandlerMapping'
2026-04-15 16:46:29.848 DEBUG [main] o.s.w.s.m.m.a.RequestMappingHandlerAdapter - ControllerAdvice beans: 0 @ModelAttribute, 0 @InitBinder, 2 RequestBodyAdvice, 1 ResponseBodyAdvice
2026-04-15 16:46:29.899 DEBUG [main] o.s.w.s.m.m.a.ExceptionHandlerExceptionResolver - ControllerAdvice beans: 1 @ExceptionHandler, 1 ResponseBodyAdvice
2026-04-15 16:46:30.089 DEBUG [main] o.s.b.a.l.ConditionEvaluationReportLogger - 


============================
CONDITIONS EVALUATION REPORT
============================


Positive matches:
-----------------

   AopAutoConfiguration matched:
      - @ConditionalOnBooleanProperty (spring.aop.auto=true) matched (OnPropertyCondition)

   AopAutoConfiguration.AspectJAutoProxyingConfiguration matched:
      - @ConditionalOnClass found required class 'org.aspectj.weaver.Advice' (OnClassCondition)

   AopAutoConfiguration.AspectJAutoProxyingConfiguration.CglibAutoProxyConfiguration matched:
      - @ConditionalOnBooleanProperty (spring.aop.proxy-target-class=true) matched (OnPropertyCondition)

   ApplicationAvailabilityAutoConfiguration#applicationAvailability matched:
      - @ConditionalOnMissingBean (types: org.springframework.boot.availability.ApplicationAvailability; SearchStrategy: all) did not find any beans (OnBeanCondition)

   DataJpaRepositoriesAutoConfiguration matched:
      - @ConditionalOnClass found required class 'org.springframework.data.jpa.repository.JpaRepository' (OnClassCondition)
      - @ConditionalOnBooleanProperty (spring.data.jpa.repositories.enabled=true) matched (OnPropertyCondition)
      - @ConditionalOnBean (types: javax.sql.DataSource; SearchStrategy: all) found bean 'dataSource'; @ConditionalOnMissingBean (types: org.springframework.data.jpa.repository.support.JpaRepositoryFactoryBean,org.springframework.data.jpa.repository.config.JpaRepositoryConfigExtension; SearchStrategy: all) did not find any beans (OnBeanCondition)

   DataSourceAutoConfiguration matched:
      - @ConditionalOnClass found required classes 'javax.sql.DataSource', 'org.springframework.jdbc.datasource.embedded.EmbeddedDatabaseType' (OnClassCondition)
      - @ConditionalOnMissingBean (types: io.r2dbc.spi.ConnectionFactory; SearchStrategy: all) did not find any beans (OnBeanCondition)

   DataSourceAutoConfiguration.PooledDataSourceConfiguration matched:
      - AnyNestedCondition 1 matched 1 did not; NestedCondition on DataSourceAutoConfiguration.PooledDataSourceCondition.PooledDataSourceAvailable PooledDataSource found supported DataSource; NestedCondition on DataSourceAutoConfiguration.PooledDataSourceCondition.ExplicitType @ConditionalOnProperty (spring.datasource.type) did not find property 'spring.datasource.type' (DataSourceAutoConfiguration.PooledDataSourceCondition)
      - @ConditionalOnMissingBean (types: javax.sql.DataSource,javax.sql.XADataSource; SearchStrategy: all) did not find any beans (OnBeanCondition)

   DataSourceAutoConfiguration.PooledDataSourceConfiguration#jdbcConnectionDetails matched:
      - @ConditionalOnMissingBean (types: org.springframework.boot.jdbc.autoconfigure.JdbcConnectionDetails; SearchStrategy: all) did not find any beans (OnBeanCondition)

   DataSourceConfiguration.Hikari matched:
      - @ConditionalOnClass found required class 'com.zaxxer.hikari.HikariDataSource' (OnClassCondition)
      - @ConditionalOnProperty (spring.datasource.type=com.zaxxer.hikari.HikariDataSource) matched (OnPropertyCondition)
      - @ConditionalOnMissingBean (types: javax.sql.DataSource; SearchStrategy: all) did not find any beans (OnBeanCondition)

   DataSourcePoolMetadataProvidersConfiguration.HikariPoolDataSourceMetadataProviderConfiguration matched:
      - @ConditionalOnClass found required class 'com.zaxxer.hikari.HikariDataSource' (OnClassCondition)

   DataSourceTransactionManagerAutoConfiguration matched:
      - @ConditionalOnClass found required classes 'javax.sql.DataSource', 'org.springframework.jdbc.core.JdbcTemplate', 'org.springframework.transaction.TransactionManager' (OnClassCondition)

   DataSourceTransactionManagerAutoConfiguration.JdbcTransactionManagerConfiguration matched:
      - @ConditionalOnSingleCandidate (types: javax.sql.DataSource; SearchStrategy: all) found a single bean 'dataSource' (OnBeanCondition)

   DataWebAutoConfiguration matched:
      - @ConditionalOnClass found required classes 'org.springframework.data.web.PageableHandlerMethodArgumentResolver', 'org.springframework.web.servlet.config.annotation.WebMvcConfigurer' (OnClassCondition)
      - found 'session' scope (OnWebApplicationCondition)
      - @ConditionalOnMissingBean (types: org.springframework.data.web.PageableHandlerMethodArgumentResolver; SearchStrategy: all) did not find any beans (OnBeanCondition)

   DataWebAutoConfiguration#pageableCustomizer matched:
      - @ConditionalOnMissingBean (types: org.springframework.data.web.config.PageableHandlerMethodArgumentResolverCustomizer; SearchStrategy: all) did not find any beans (OnBeanCondition)

   DataWebAutoConfiguration#sortCustomizer matched:
      - @ConditionalOnMissingBean (types: org.springframework.data.web.config.SortHandlerMethodArgumentResolverCustomizer; SearchStrategy: all) did not find any beans (OnBeanCondition)

   DataWebAutoConfiguration#springDataWebSettings matched:
      - @ConditionalOnMissingBean (types: org.springframework.data.web.config.SpringDataWebSettings; SearchStrategy: all) did not find any beans (OnBeanCondition)

   DispatcherServletAutoConfiguration matched:
      - @ConditionalOnClass found required class 'org.springframework.web.servlet.DispatcherServlet' (OnClassCondition)
      - found 'session' scope (OnWebApplicationCondition)

   DispatcherServletAutoConfiguration.DispatcherServletConfiguration matched:
      - @ConditionalOnClass found required class 'jakarta.servlet.ServletRegistration' (OnClassCondition)
      - Default DispatcherServlet did not find dispatcher servlet beans (DispatcherServletAutoConfiguration.DefaultDispatcherServletCondition)

   DispatcherServletAutoConfiguration.DispatcherServletRegistrationConfiguration matched:
      - @ConditionalOnClass found required class 'jakarta.servlet.ServletRegistration' (OnClassCondition)
      - DispatcherServlet Registration did not find servlet registration bean (DispatcherServletAutoConfiguration.DispatcherServletRegistrationCondition)

   DispatcherServletAutoConfiguration.DispatcherServletRegistrationConfiguration#dispatcherServletRegistration matched:
      - @ConditionalOnBean (names: dispatcherServlet types: org.springframework.web.servlet.DispatcherServlet; SearchStrategy: all) found bean 'dispatcherServlet' (OnBeanCondition)

   ErrorMvcAutoConfiguration matched:
      - @ConditionalOnClass found required classes 'jakarta.servlet.Servlet', 'org.springframework.web.servlet.DispatcherServlet' (OnClassCondition)
      - found 'session' scope (OnWebApplicationCondition)

   ErrorMvcAutoConfiguration#basicErrorController matched:
      - @ConditionalOnMissingBean (types: org.springframework.boot.webmvc.error.ErrorController; SearchStrategy: current) did not find any beans (OnBeanCondition)

   ErrorMvcAutoConfiguration#errorAttributes matched:
      - @ConditionalOnMissingBean (types: org.springframework.boot.webmvc.error.ErrorAttributes; SearchStrategy: current) did not find any beans (OnBeanCondition)

   ErrorMvcAutoConfiguration.DefaultErrorViewResolverConfiguration#conventionErrorViewResolver matched:
      - @ConditionalOnBean (types: org.springframework.web.servlet.DispatcherServlet; SearchStrategy: all) found bean 'dispatcherServlet'; @ConditionalOnMissingBean (types: org.springframework.boot.webmvc.autoconfigure.error.ErrorViewResolver; SearchStrategy: all) did not find any beans (OnBeanCondition)

   ErrorMvcAutoConfiguration.WhitelabelErrorViewConfiguration matched:
      - @ConditionalOnBooleanProperty (spring.web.error.whitelabel.enabled=true) matched (OnPropertyCondition)
      - ErrorTemplate Missing did not find error template view (ErrorMvcAutoConfiguration.ErrorTemplateMissingCondition)

   ErrorMvcAutoConfiguration.WhitelabelErrorViewConfiguration#beanNameViewResolver matched:
      - @ConditionalOnMissingBean (types: org.springframework.web.servlet.view.BeanNameViewResolver; SearchStrategy: all) did not find any beans (OnBeanCondition)

   ErrorMvcAutoConfiguration.WhitelabelErrorViewConfiguration#defaultErrorView matched:
      - @ConditionalOnMissingBean (names: error; SearchStrategy: all) did not find any beans (OnBeanCondition)

   HibernateJpaAutoConfiguration matched:
      - @ConditionalOnClass found required classes 'org.springframework.orm.jpa.LocalContainerEntityManagerFactoryBean', 'jakarta.persistence.EntityManager', 'org.hibernate.engine.spi.SessionImplementor' (OnClassCondition)

   HibernateJpaConfiguration matched:
      - @ConditionalOnSingleCandidate (types: javax.sql.DataSource; SearchStrategy: all) found a single bean 'dataSource' (OnBeanCondition)

   HttpEncodingAutoConfiguration matched:
      - @ConditionalOnClass found required class 'org.springframework.web.filter.CharacterEncodingFilter' (OnClassCondition)
      - found 'session' scope (OnWebApplicationCondition)
      - @ConditionalOnBooleanProperty (spring.servlet.encoding.enabled=true) matched (OnPropertyCondition)

   HttpEncodingAutoConfiguration#characterEncodingFilter matched:
      - @ConditionalOnMissingBean (types: org.springframework.web.filter.CharacterEncodingFilter; SearchStrategy: all) did not find any beans (OnBeanCondition)

   HttpMessageConvertersAutoConfiguration matched:
      - @ConditionalOnClass found required class 'org.springframework.http.converter.HttpMessageConverter' (OnClassCondition)
      - NoneNestedConditions 0 matched 1 did not; NestedCondition on HttpMessageConvertersAutoConfiguration.NotReactiveWebApplicationCondition.ReactiveWebApplication did not find reactive web application classes (HttpMessageConvertersAutoConfiguration.NotReactiveWebApplicationCondition)

   HttpMessageConvertersAutoConfiguration.StringHttpMessageConverterConfiguration#stringHttpMessageConvertersCustomizer matched:
      - @ConditionalOnMissingBean (types: org.springframework.http.converter.StringHttpMessageConverter; SearchStrategy: all) did not find any beans (OnBeanCondition)

   JacksonAutoConfiguration matched:
      - @ConditionalOnClass found required class 'tools.jackson.databind.json.JsonMapper' (OnClassCondition)

   JacksonAutoConfiguration#jacksonJsonMapper matched:
      - @ConditionalOnMissingBean (types: tools.jackson.databind.json.JsonMapper; SearchStrategy: all) did not find any beans (OnBeanCondition)

   JacksonAutoConfiguration#jsonMapperBuilder matched:
      - @ConditionalOnMissingBean (types: tools.jackson.databind.json.JsonMapper$Builder; SearchStrategy: all) did not find any beans (OnBeanCondition)

   JacksonAutoConfiguration.JsonProblemDetailsConfiguration matched:
      - @ConditionalOnClass found required class 'org.springframework.http.ProblemDetail' (OnClassCondition)

   JacksonHttpMessageConvertersConfiguration.JacksonJsonHttpMessageConverterConfiguration matched:
      - @ConditionalOnClass found required class 'tools.jackson.databind.json.JsonMapper' (OnClassCondition)
      - @ConditionalOnProperty (spring.http.converters.preferred-json-mapper=jackson) matched (OnPropertyCondition)
      - @ConditionalOnBean (types: tools.jackson.databind.json.JsonMapper; SearchStrategy: all) found bean 'jacksonJsonMapper' (OnBeanCondition)

   JacksonHttpMessageConvertersConfiguration.JacksonJsonHttpMessageConverterConfiguration#jacksonJsonHttpMessageConvertersCustomizer matched:
      - @ConditionalOnMissingBean (types: org.springframework.http.converter.json.JacksonJsonHttpMessageConverter ignored: org.springframework.hateoas.server.mvc.TypeConstrainedJacksonJsonHttpMessageConverter,org.springframework.data.rest.webmvc.alps.AlpsJacksonJsonHttpMessageConverter; SearchStrategy: all) did not find any beans (OnBeanCondition)

   JdbcClientAutoConfiguration matched:
      - @ConditionalOnSingleCandidate (types: org.springframework.jdbc.core.namedparam.NamedParameterJdbcTemplate; SearchStrategy: all) found a single bean 'namedParameterJdbcTemplate'; @ConditionalOnMissingBean (types: org.springframework.jdbc.core.simple.JdbcClient; SearchStrategy: all) did not find any beans (OnBeanCondition)

   JdbcTemplateAutoConfiguration matched:
      - @ConditionalOnClass found required classes 'javax.sql.DataSource', 'org.springframework.jdbc.core.JdbcTemplate' (OnClassCondition)
      - @ConditionalOnSingleCandidate (types: javax.sql.DataSource; SearchStrategy: all) found a single bean 'dataSource' (OnBeanCondition)

   JdbcTemplateConfiguration matched:
      - @ConditionalOnMissingBean (types: org.springframework.jdbc.core.JdbcOperations; SearchStrategy: all) did not find any beans (OnBeanCondition)

   JpaBaseConfiguration#entityManagerFactory matched:
      - @ConditionalOnMissingBean (types: org.springframework.orm.jpa.LocalContainerEntityManagerFactoryBean,jakarta.persistence.EntityManagerFactory; SearchStrategy: all) did not find any beans (OnBeanCondition)

   JpaBaseConfiguration#entityManagerFactoryBuilder matched:
      - @ConditionalOnMissingBean (types: org.springframework.boot.jpa.EntityManagerFactoryBuilder; SearchStrategy: all) did not find any beans (OnBeanCondition)

   JpaBaseConfiguration#jpaVendorAdapter matched:
      - @ConditionalOnMissingBean (types: org.springframework.orm.jpa.JpaVendorAdapter; SearchStrategy: all) did not find any beans (OnBeanCondition)

   JpaBaseConfiguration#transactionManager matched:
      - @ConditionalOnMissingBean (types: org.springframework.transaction.TransactionManager; SearchStrategy: all) did not find any beans (OnBeanCondition)

   JpaBaseConfiguration.PersistenceManagedTypesConfiguration matched:
      - @ConditionalOnMissingBean (types: org.springframework.orm.jpa.LocalContainerEntityManagerFactoryBean,jakarta.persistence.EntityManagerFactory; SearchStrategy: all) did not find any beans (OnBeanCondition)

   JpaBaseConfiguration.PersistenceManagedTypesConfiguration#persistenceManagedTypes matched:
      - @ConditionalOnMissingBean (types: org.springframework.orm.jpa.persistenceunit.PersistenceManagedTypes; SearchStrategy: all) did not find any beans (OnBeanCondition)

   JtaAutoConfiguration matched:
      - @ConditionalOnClass found required class 'jakarta.transaction.Transaction' (OnClassCondition)
      - @ConditionalOnBooleanProperty (spring.jta.enabled=true) matched (OnPropertyCondition)

   LifecycleAutoConfiguration#defaultLifecycleProcessor matched:
      - @ConditionalOnMissingBean (names: lifecycleProcessor; SearchStrategy: current) did not find any beans (OnBeanCondition)

   LiquibaseAutoConfiguration matched:
      - @ConditionalOnClass found required classes 'liquibase.integration.spring.SpringLiquibase', 'liquibase.change.DatabaseChange' (OnClassCondition)
      - @ConditionalOnBooleanProperty (spring.liquibase.enabled=true) matched (OnPropertyCondition)
      - AnyNestedCondition 2 matched 1 did not; NestedCondition on LiquibaseAutoConfiguration.LiquibaseDataSourceCondition.LiquibaseUrlCondition @ConditionalOnProperty (spring.liquibase.url) did not find property 'spring.liquibase.url'; NestedCondition on LiquibaseAutoConfiguration.LiquibaseDataSourceCondition.JdbcConnectionDetailsCondition @ConditionalOnBean (types: org.springframework.boot.jdbc.autoconfigure.JdbcConnectionDetails; SearchStrategy: all) found bean 'jdbcConnectionDetails'; NestedCondition on LiquibaseAutoConfiguration.LiquibaseDataSourceCondition.DataSourceBeanCondition @ConditionalOnBean (types: javax.sql.DataSource; SearchStrategy: all) found bean 'dataSource' (LiquibaseAutoConfiguration.LiquibaseDataSourceCondition)

   LiquibaseAutoConfiguration.CustomizerConfiguration matched:
      - @ConditionalOnClass found required class 'liquibase.integration.spring.Customizer' (OnClassCondition)

   LiquibaseAutoConfiguration.LiquibaseConfiguration matched:
      - @ConditionalOnClass found required class 'org.springframework.jdbc.core.ConnectionCallback' (OnClassCondition)
      - @ConditionalOnMissingBean (types: liquibase.integration.spring.SpringLiquibase; SearchStrategy: all) did not find any beans (OnBeanCondition)

   LiquibaseAutoConfiguration.LiquibaseConfiguration#liquibaseConnectionDetails matched:
      - @ConditionalOnMissingBean (types: org.springframework.boot.liquibase.autoconfigure.LiquibaseConnectionDetails; SearchStrategy: all) did not find any beans (OnBeanCondition)

   MultipartAutoConfiguration matched:
      - @ConditionalOnClass found required classes 'jakarta.servlet.Servlet', 'org.springframework.web.multipart.support.StandardServletMultipartResolver', 'jakarta.servlet.MultipartConfigElement' (OnClassCondition)
      - found 'session' scope (OnWebApplicationCondition)
      - @ConditionalOnBooleanProperty (spring.servlet.multipart.enabled=true) matched (OnPropertyCondition)

   MultipartAutoConfiguration#multipartConfigElement matched:
      - @ConditionalOnMissingBean (types: jakarta.servlet.MultipartConfigElement; SearchStrategy: all) did not find any beans (OnBeanCondition)

   MultipartAutoConfiguration#multipartResolver matched:
      - @ConditionalOnMissingBean (types: org.springframework.web.multipart.MultipartResolver; SearchStrategy: all) did not find any beans (OnBeanCondition)

   NamedParameterJdbcTemplateConfiguration matched:
      - @ConditionalOnSingleCandidate (types: org.springframework.jdbc.core.JdbcTemplate; SearchStrategy: all) found a single bean 'jdbcTemplate'; @ConditionalOnMissingBean (types: org.springframework.jdbc.core.namedparam.NamedParameterJdbcOperations; SearchStrategy: all) did not find any beans (OnBeanCondition)

   PersistenceExceptionTranslationAutoConfiguration matched:
      - @ConditionalOnClass found required class 'org.springframework.dao.annotation.PersistenceExceptionTranslationPostProcessor' (OnClassCondition)

   PersistenceExceptionTranslationAutoConfiguration#persistenceExceptionTranslationPostProcessor matched:
      - @ConditionalOnBooleanProperty (spring.persistence.exceptiontranslation.enabled=true) matched (OnPropertyCondition)
      - @ConditionalOnMissingBean (types: org.springframework.dao.annotation.PersistenceExceptionTranslationPostProcessor; SearchStrategy: all) did not find any beans (OnBeanCondition)

   PropertyPlaceholderAutoConfiguration#propertySourcesPlaceholderConfigurer matched:
      - @ConditionalOnMissingBean (types: org.springframework.context.support.PropertySourcesPlaceholderConfigurer; SearchStrategy: current) did not find any beans (OnBeanCondition)

   SslAutoConfiguration#sslBundleRegistry matched:
      - @ConditionalOnMissingBean (types: org.springframework.boot.ssl.SslBundleRegistry,org.springframework.boot.ssl.SslBundles; SearchStrategy: all) did not find any beans (OnBeanCondition)

   TaskExecutionAutoConfiguration matched:
      - @ConditionalOnClass found required class 'org.springframework.scheduling.concurrent.ThreadPoolTaskExecutor' (OnClassCondition)

   TaskExecutorConfigurations.AsyncConfigurerConfiguration matched:
      - @ConditionalOnMissingBean (types: org.springframework.scheduling.annotation.AsyncConfigurer; SearchStrategy: all) did not find any beans (OnBeanCondition)

   TaskExecutorConfigurations.SimpleAsyncTaskExecutorBuilderConfiguration#simpleAsyncTaskExecutorBuilder matched:
      - @ConditionalOnMissingBean (types: org.springframework.boot.task.SimpleAsyncTaskExecutorBuilder; SearchStrategy: all) did not find any beans (OnBeanCondition)
      - @ConditionalOnThreading found PLATFORM (OnThreadingCondition)

   TaskExecutorConfigurations.TaskExecutorConfiguration matched:
      - AnyNestedCondition 1 matched 1 did not; NestedCondition on TaskExecutorConfigurations.OnExecutorCondition.ModelCondition @ConditionalOnProperty (spring.task.execution.mode=force) did not find property 'spring.task.execution.mode'; NestedCondition on TaskExecutorConfigurations.OnExecutorCondition.ExecutorBeanCondition @ConditionalOnMissingBean (types: java.util.concurrent.Executor; SearchStrategy: all) did not find any beans (TaskExecutorConfigurations.OnExecutorCondition)

   TaskExecutorConfigurations.TaskExecutorConfiguration#applicationTaskExecutor matched:
      - @ConditionalOnThreading found PLATFORM (OnThreadingCondition)

   TaskExecutorConfigurations.ThreadPoolTaskExecutorBuilderConfiguration#threadPoolTaskExecutorBuilder matched:
      - @ConditionalOnMissingBean (types: org.springframework.boot.task.ThreadPoolTaskExecutorBuilder; SearchStrategy: all) did not find any beans (OnBeanCondition)

   TaskSchedulingAutoConfiguration matched:
      - @ConditionalOnClass found required class 'org.springframework.scheduling.concurrent.ThreadPoolTaskScheduler' (OnClassCondition)

   TaskSchedulingConfigurations.SimpleAsyncTaskSchedulerBuilderConfiguration#simpleAsyncTaskSchedulerBuilder matched:
      - @ConditionalOnThreading found PLATFORM (OnThreadingCondition)
      - @ConditionalOnMissingBean (types: org.springframework.boot.task.SimpleAsyncTaskSchedulerBuilder; SearchStrategy: all) did not find any beans (OnBeanCondition)

   TaskSchedulingConfigurations.ThreadPoolTaskSchedulerBuilderConfiguration#threadPoolTaskSchedulerBuilder matched:
      - @ConditionalOnMissingBean (types: org.springframework.boot.task.ThreadPoolTaskSchedulerBuilder; SearchStrategy: all) did not find any beans (OnBeanCondition)

   TomcatServletWebServerAutoConfiguration matched:
      - @ConditionalOnClass found required classes 'jakarta.servlet.ServletRequest', 'org.apache.catalina.startup.Tomcat', 'org.apache.coyote.UpgradeProtocol', 'org.springframework.boot.tomcat.servlet.TomcatServletWebServerFactory' (OnClassCondition)
      - found 'session' scope (OnWebApplicationCondition)

   TomcatServletWebServerAutoConfiguration#tomcatServletWebServerFactory matched:
      - @ConditionalOnMissingBean (types: org.springframework.boot.web.server.servlet.ServletWebServerFactory; SearchStrategy: current) did not find any beans (OnBeanCondition)

   TransactionAutoConfiguration matched:
      - @ConditionalOnClass found required class 'org.springframework.transaction.PlatformTransactionManager' (OnClassCondition)

   TransactionAutoConfiguration.EnableTransactionManagementConfiguration matched:
      - @ConditionalOnBean (types: org.springframework.transaction.TransactionManager; SearchStrategy: all) found bean 'transactionManager'; @ConditionalOnMissingBean (types: org.springframework.transaction.annotation.AbstractTransactionManagementConfiguration; SearchStrategy: all) did not find any beans (OnBeanCondition)

   TransactionAutoConfiguration.EnableTransactionManagementConfiguration.CglibAutoProxyConfiguration matched:
      - @ConditionalOnBooleanProperty (spring.aop.proxy-target-class=true) matched (OnPropertyCondition)

   TransactionAutoConfiguration.TransactionTemplateConfiguration matched:
      - @ConditionalOnSingleCandidate (types: org.springframework.transaction.PlatformTransactionManager; SearchStrategy: all) found a single bean 'transactionManager' (OnBeanCondition)

   TransactionAutoConfiguration.TransactionTemplateConfiguration#transactionTemplate matched:
      - @ConditionalOnMissingBean (types: org.springframework.transaction.support.TransactionOperations; SearchStrategy: all) did not find any beans (OnBeanCondition)

   TransactionManagerCustomizationAutoConfiguration matched:
      - @ConditionalOnClass found required class 'org.springframework.transaction.PlatformTransactionManager' (OnClassCondition)

   TransactionManagerCustomizationAutoConfiguration#platformTransactionManagerCustomizers matched:
      - @ConditionalOnMissingBean (types: org.springframework.boot.transaction.autoconfigure.TransactionManagerCustomizers; SearchStrategy: all) did not find any beans (OnBeanCondition)

   ValidationAutoConfiguration matched:
      - @ConditionalOnClass found required class 'jakarta.validation.executable.ExecutableValidator' (OnClassCondition)
      - @ConditionalOnResource found location classpath:META-INF/services/jakarta.validation.spi.ValidationProvider (OnResourceCondition)

   ValidationAutoConfiguration#defaultValidator matched:
      - @ConditionalOnMissingBean (types: jakarta.validation.Validator; SearchStrategy: all) did not find any beans (OnBeanCondition)

   ValidationAutoConfiguration#methodValidationPostProcessor matched:
      - @ConditionalOnMissingBean (types: org.springframework.validation.beanvalidation.MethodValidationPostProcessor; SearchStrategy: current) did not find any beans (OnBeanCondition)

   WebMvcAutoConfiguration matched:
      - @ConditionalOnClass found required classes 'jakarta.servlet.Servlet', 'org.springframework.web.servlet.DispatcherServlet', 'org.springframework.web.servlet.config.annotation.WebMvcConfigurer' (OnClassCondition)
      - found 'session' scope (OnWebApplicationCondition)
      - @ConditionalOnMissingBean (types: org.springframework.web.servlet.config.annotation.WebMvcConfigurationSupport; SearchStrategy: all) did not find any beans (OnBeanCondition)

   WebMvcAutoConfiguration#formContentFilter matched:
      - @ConditionalOnBooleanProperty (spring.mvc.formcontent.filter.enabled=true) matched (OnPropertyCondition)
      - @ConditionalOnMissingBean (types: org.springframework.web.filter.FormContentFilter; SearchStrategy: all) did not find any beans (OnBeanCondition)

   WebMvcAutoConfiguration.EnableWebMvcConfiguration#flashMapManager matched:
      - @ConditionalOnMissingBean (names: flashMapManager; SearchStrategy: all) did not find any beans (OnBeanCondition)

   WebMvcAutoConfiguration.EnableWebMvcConfiguration#localeResolver matched:
      - @ConditionalOnMissingBean (names: localeResolver; SearchStrategy: all) did not find any beans (OnBeanCondition)

   WebMvcAutoConfiguration.EnableWebMvcConfiguration#viewNameTranslator matched:
      - @ConditionalOnMissingBean (names: viewNameTranslator; SearchStrategy: all) did not find any beans (OnBeanCondition)

   WebMvcAutoConfiguration.ResourceChainCustomizerConfiguration matched:
      - @ConditionalOnEnabledResourceChain found class org.webjars.WebJarVersionLocator (OnEnabledResourceChainCondition)

   WebMvcAutoConfiguration.WebMvcAutoConfigurationAdapter#defaultViewResolver matched:
      - @ConditionalOnMissingBean (types: org.springframework.web.servlet.view.InternalResourceViewResolver; SearchStrategy: all) did not find any beans (OnBeanCondition)

   WebMvcAutoConfiguration.WebMvcAutoConfigurationAdapter#requestContextFilter matched:
      - @ConditionalOnMissingBean (types: org.springframework.web.context.request.RequestContextListener,org.springframework.web.filter.RequestContextFilter; SearchStrategy: all) did not find any beans (OnBeanCondition)

   WebMvcAutoConfiguration.WebMvcAutoConfigurationAdapter#viewResolver matched:
      - @ConditionalOnBean (types: org.springframework.web.servlet.ViewResolver; SearchStrategy: all) found beans 'defaultViewResolver', 'beanNameViewResolver', 'mvcViewResolver'; @ConditionalOnMissingBean (names: viewResolver types: org.springframework.web.servlet.view.ContentNegotiatingViewResolver; SearchStrategy: all) did not find any beans (OnBeanCondition)


Negative matches:
-----------------

   AopAutoConfiguration.AspectJAutoProxyingConfiguration.JdkDynamicAutoProxyConfiguration:
      Did not match:
         - @ConditionalOnBooleanProperty (spring.aop.proxy-target-class=false) did not find property 'spring.aop.proxy-target-class' (OnPropertyCondition)

   AopAutoConfiguration.ClassProxyingConfiguration:
      Did not match:
         - @ConditionalOnMissingClass found unwanted class 'org.aspectj.weaver.Advice' (OnClassCondition)

   DataJpaRepositoriesAutoConfiguration#entityManagerFactoryBootstrapExecutorCustomizer:
      Did not match:
         - AnyNestedCondition 0 matched 2 did not; NestedCondition on DataJpaRepositoriesAutoConfiguration.BootstrapExecutorCondition.LazyBootstrapMode @ConditionalOnProperty (spring.data.jpa.repositories.bootstrap-mode=lazy) did not find property 'spring.data.jpa.repositories.bootstrap-mode'; NestedCondition on DataJpaRepositoriesAutoConfiguration.BootstrapExecutorCondition.DeferredBootstrapMode @ConditionalOnProperty (spring.data.jpa.repositories.bootstrap-mode=deferred) did not find property 'spring.data.jpa.repositories.bootstrap-mode' (DataJpaRepositoriesAutoConfiguration.BootstrapExecutorCondition)

   DataRepositoryMetricsAutoConfiguration:
      Did not match:
         - @ConditionalOnBean did not find required type 'io.micrometer.core.instrument.MeterRegistry' (OnBeanCondition)

   DataSourceAutoConfiguration.EmbeddedDatabaseConfiguration:
      Did not match:
         - EmbeddedDataSource spring.datasource.url is set (DataSourceAutoConfiguration.EmbeddedDatabaseCondition)

   DataSourceCheckpointRestoreConfiguration:
      Did not match:
         - @ConditionalOnClass did not find required class 'org.crac.Resource' (OnClassCondition)

   DataSourceConfiguration.Dbcp2:
      Did not match:
         - @ConditionalOnClass did not find required class 'org.apache.commons.dbcp2.BasicDataSource' (OnClassCondition)

   DataSourceConfiguration.Generic:
      Did not match:
         - @ConditionalOnProperty (spring.datasource.type) did not find property 'spring.datasource.type' (OnPropertyCondition)

   DataSourceConfiguration.OracleUcp:
      Did not match:
         - @ConditionalOnClass did not find required classes 'oracle.ucp.jdbc.PoolDataSourceImpl', 'oracle.jdbc.OracleConnection' (OnClassCondition)

   DataSourceConfiguration.Tomcat:
      Did not match:
         - @ConditionalOnClass did not find required class 'org.apache.tomcat.jdbc.pool.DataSource' (OnClassCondition)

   DataSourceHealthContributorAutoConfiguration:
      Did not match:
         - @ConditionalOnClass did not find required class 'org.springframework.boot.health.autoconfigure.contributor.ConditionalOnEnabledHealthIndicator' (OnClassCondition)

   DataSourceInitializationAutoConfiguration:
      Did not match:
         - SQL InitializationDatabase Initialization spring.sql.init.mode is NEVER (OnSqlInitializationCondition)
      Matched:
         - @ConditionalOnClass found required class 'org.springframework.jdbc.datasource.init.DatabasePopulator' (OnClassCondition)

   DataSourceJmxConfiguration:
      Did not match:
         - @ConditionalOnBooleanProperty (spring.jmx.enabled=true) found different value in property 'spring.jmx.enabled' (OnPropertyCondition)

   DataSourcePoolMetadataProvidersConfiguration.CommonsDbcp2PoolDataSourceMetadataProviderConfiguration:
      Did not match:
         - @ConditionalOnClass did not find required class 'org.apache.commons.dbcp2.BasicDataSource' (OnClassCondition)

   DataSourcePoolMetadataProvidersConfiguration.OracleUcpPoolDataSourceMetadataProviderConfiguration:
      Did not match:
         - @ConditionalOnClass did not find required classes 'oracle.ucp.jdbc.PoolDataSource', 'oracle.jdbc.OracleConnection' (OnClassCondition)

   DataSourcePoolMetadataProvidersConfiguration.TomcatDataSourcePoolMetadataProviderConfiguration:
      Did not match:
         - @ConditionalOnClass did not find required class 'org.apache.tomcat.jdbc.pool.DataSource' (OnClassCondition)

   DataSourcePoolMetricsAutoConfiguration:
      Did not match:
         - @ConditionalOnClass did not find required class 'io.micrometer.core.instrument.MeterRegistry' (OnClassCondition)

   DataSourceTransactionManagerAutoConfiguration.JdbcTransactionManagerConfiguration#transactionManager:
      Did not match:
         - @ConditionalOnMissingBean (types: org.springframework.transaction.TransactionManager; SearchStrategy: all) found beans of type 'org.springframework.transaction.TransactionManager' transactionManager (OnBeanCondition)

   DispatcherServletAutoConfiguration.DispatcherServletConfiguration#multipartResolver:
      Did not match:
         - @ConditionalOnBean (types: org.springframework.web.multipart.MultipartResolver; SearchStrategy: all) did not find any beans of type org.springframework.web.multipart.MultipartResolver (OnBeanCondition)

   GsonHttpMessageConvertersConfiguration:
      Did not match:
         - @ConditionalOnClass did not find required class 'com.google.gson.Gson' (OnClassCondition)

   HibernateMetricsAutoConfiguration:
      Did not match:
         - @ConditionalOnClass did not find required class 'io.micrometer.core.instrument.MeterRegistry' (OnClassCondition)

   Jackson2HttpMessageConvertersConfiguration.MappingJackson2HttpMessageConverterConfiguration:
      Did not match:
         - AnyNestedCondition 0 matched 2 did not; NestedCondition on Jackson2HttpMessageConvertersConfiguration.PreferJackson2OrJacksonUnavailableCondition.JacksonUnavailable @ConditionalOnMissingBean (types: org.springframework.boot.http.converter.autoconfigure.JacksonHttpMessageConvertersConfiguration$JacksonJsonHttpMessageConvertersCustomizer; SearchStrategy: all) found beans of type 'org.springframework.boot.http.converter.autoconfigure.JacksonHttpMessageConvertersConfiguration$JacksonJsonHttpMessageConvertersCustomizer' jacksonJsonHttpMessageConvertersCustomizer; NestedCondition on Jackson2HttpMessageConvertersConfiguration.PreferJackson2OrJacksonUnavailableCondition.Jackson2Preferred @ConditionalOnProperty (spring.http.converters.preferred-json-mapper=jackson2) did not find property 'spring.http.converters.preferred-json-mapper' (Jackson2HttpMessageConvertersConfiguration.PreferJackson2OrJacksonUnavailableCondition)
      Matched:
         - @ConditionalOnClass found required class 'com.fasterxml.jackson.databind.ObjectMapper' (OnClassCondition)

   Jackson2HttpMessageConvertersConfiguration.MappingJackson2XmlHttpMessageConverterConfiguration:
      Did not match:
         - @ConditionalOnClass did not find required class 'com.fasterxml.jackson.dataformat.xml.XmlMapper' (OnClassCondition)

   JacksonAutoConfiguration.CborConfiguration:
      Did not match:
         - @ConditionalOnClass did not find required class 'tools.jackson.dataformat.cbor.CBORMapper' (OnClassCondition)

   JacksonAutoConfiguration.XmlConfiguration:
      Did not match:
         - @ConditionalOnClass did not find required class 'tools.jackson.dataformat.xml.XmlMapper' (OnClassCondition)

   JacksonHttpMessageConvertersConfiguration.JacksonXmlHttpMessageConverterConfiguration:
      Did not match:
         - @ConditionalOnClass did not find required class 'tools.jackson.dataformat.xml.XmlMapper' (OnClassCondition)

   JmxAutoConfiguration:
      Did not match:
         - @ConditionalOnBooleanProperty (spring.jmx.enabled=true) found different value in property 'spring.jmx.enabled' (OnPropertyCondition)
      Matched:
         - @ConditionalOnClass found required class 'org.springframework.jmx.export.MBeanExporter' (OnClassCondition)

   JndiDataSourceAutoConfiguration:
      Did not match:
         - @ConditionalOnProperty (spring.datasource.jndi-name) did not find property 'spring.datasource.jndi-name' (OnPropertyCondition)
      Matched:
         - @ConditionalOnClass found required classes 'javax.sql.DataSource', 'org.springframework.jdbc.datasource.embedded.EmbeddedDatabaseType' (OnClassCondition)

   JndiJtaConfiguration:
      Did not match:
         - @ConditionalOnJndi JNDI environment is not available (OnJndiCondition)
      Matched:
         - @ConditionalOnClass found required class 'org.springframework.transaction.jta.JtaTransactionManager' (OnClassCondition)

   JpaBaseConfiguration.JpaWebConfiguration:
      Did not match:
         - @ConditionalOnBooleanProperty (spring.jpa.open-in-view=true) found different value in property 'spring.jpa.open-in-view' (OnPropertyCondition)
      Matched:
         - @ConditionalOnClass found required class 'org.springframework.web.servlet.config.annotation.WebMvcConfigurer' (OnClassCondition)
         - found 'session' scope (OnWebApplicationCondition)

   JsonbHttpMessageConvertersConfiguration:
      Did not match:
         - @ConditionalOnClass did not find required class 'jakarta.json.bind.Jsonb' (OnClassCondition)

   KotlinSerializationHttpMessageConvertersConfiguration:
      Did not match:
         - @ConditionalOnClass did not find required classes 'kotlinx.serialization.Serializable', 'kotlinx.serialization.json.Json' (OnClassCondition)

   LiquibaseAutoConfiguration.CustomizerConfiguration#springLiquibaseCustomizer:
      Did not match:
         - @ConditionalOnBean (types: liquibase.integration.spring.Customizer; SearchStrategy: all) did not find any beans of type liquibase.integration.spring.Customizer (OnBeanCondition)

   LiquibaseEndpointAutoConfiguration:
      Did not match:
         - @ConditionalOnClass did not find required class 'org.springframework.boot.actuate.autoconfigure.endpoint.condition.ConditionalOnAvailableEndpoint' (OnClassCondition)

   MessageSourceAutoConfiguration:
      Did not match:
         - ResourceBundle did not find bundle with basename messages (MessageSourceAutoConfiguration.ResourceBundleCondition)

   MultipleOpenApiSupportConfiguration:
      Did not match:
         - @ConditionalOnProperty (springdoc.api-docs.enabled) found different value in property 'springdoc.api-docs.enabled' (OnPropertyCondition)
      Matched:
         - found 'session' scope (OnWebApplicationCondition)

   ProjectInfoAutoConfiguration#buildProperties:
      Did not match:
         - @ConditionalOnResource did not find resource '${spring.info.build.location:classpath:META-INF/build-info.properties}' (OnResourceCondition)

   ProjectInfoAutoConfiguration#gitProperties:
      Did not match:
         - GitResource did not find git info at classpath:git.properties (ProjectInfoAutoConfiguration.GitResourceAvailableCondition)

   ServletHttpExchangesAutoConfiguration:
      Did not match:
         - @ConditionalOnBean did not find required type 'org.springframework.boot.actuate.web.exchanges.HttpExchangeRepository' (OnBeanCondition)

   ServletManagementContextAutoConfiguration:
      Did not match:
         - @ConditionalOnClass did not find required class 'org.springframework.boot.actuate.autoconfigure.endpoint.web.WebEndpointProperties' (OnClassCondition)

   ServletMappingsAutoConfiguration:
      Did not match:
         - @ConditionalOnClass did not find required class 'org.springframework.boot.actuate.autoconfigure.endpoint.condition.ConditionalOnAvailableEndpoint' (OnClassCondition)

   ServletWebServerConfiguration#forwardedHeaderFilter:
      Did not match:
         - @ConditionalOnProperty (server.forward-headers-strategy=framework) did not find property 'server.forward-headers-strategy' (OnPropertyCondition)

   SpringApplicationAdminJmxAutoConfiguration:
      Did not match:
         - @ConditionalOnBooleanProperty (spring.application.admin.enabled=true) did not find property 'spring.application.admin.enabled' (OnPropertyCondition)

   SpringDocConfigProperties:
      Did not match:
         - @ConditionalOnProperty (springdoc.api-docs.enabled) found different value in property 'springdoc.api-docs.enabled' (OnPropertyCondition)

   SpringDocConfiguration:
      Did not match:
         - @ConditionalOnProperty (springdoc.api-docs.enabled) found different value in property 'springdoc.api-docs.enabled' (OnPropertyCondition)
      Matched:
         - @ConditionalOnWebApplication (required) found 'session' scope (OnWebApplicationCondition)

   SpringDocDataRestConfiguration:
      Did not match:
         - @ConditionalOnClass did not find required class 'org.springframework.data.rest.core.config.RepositoryRestConfiguration' (OnClassCondition)

   SpringDocFunctionCatalogConfiguration:
      Did not match:
         - @ConditionalOnClass did not find required class 'org.springframework.cloud.function.web.function.FunctionEndpointInitializer' (OnClassCondition)

   SpringDocGroovyConfiguration:
      Did not match:
         - @ConditionalOnClass did not find required class 'groovy.lang.MetaClass' (OnClassCondition)

   SpringDocHateoasConfiguration:
      Did not match:
         - @ConditionalOnClass did not find required class 'org.springframework.hateoas.server.LinkRelationProvider' (OnClassCondition)

   SpringDocJacksonKotlinModuleConfiguration:
      Did not match:
         - @ConditionalOnClass did not find required class 'com.fasterxml.jackson.module.kotlin.KotlinModule' (OnClassCondition)

   SpringDocJavadocConfiguration:
      Did not match:
         - @ConditionalOnClass did not find required class 'com.github.therapi.runtimejavadoc.CommentFormatter' (OnClassCondition)

   SpringDocKotlinConfiguration:
      Did not match:
         - @ConditionalOnClass did not find required class 'kotlin.coroutines.Continuation' (OnClassCondition)

   SpringDocKotlinxConfiguration:
      Did not match:
         - @ConditionalOnClass did not find required class 'kotlinx.coroutines.flow.Flow' (OnClassCondition)

   SpringDocPageableConfiguration:
      Did not match:
         - @ConditionalOnProperty (springdoc.api-docs.enabled) found different value in property 'springdoc.api-docs.enabled' (OnPropertyCondition)
      Matched:
         - @ConditionalOnClass found required class 'org.springframework.data.domain.Pageable' (OnClassCondition)
         - @ConditionalOnWebApplication (required) found 'session' scope (OnWebApplicationCondition)

   SpringDocSecurityConfiguration:
      Did not match:
         - @ConditionalOnClass did not find required class 'org.springframework.security.web.SecurityFilterChain' (OnClassCondition)

   SpringDocSortConfiguration:
      Did not match:
         - @ConditionalOnProperty (springdoc.api-docs.enabled) found different value in property 'springdoc.api-docs.enabled' (OnPropertyCondition)
      Matched:
         - @ConditionalOnClass found required class 'org.springframework.data.domain.Sort' (OnClassCondition)
         - @ConditionalOnWebApplication (required) found 'session' scope (OnWebApplicationCondition)

   SpringDocWebMvcConfiguration:
      Did not match:
         - @ConditionalOnProperty (springdoc.api-docs.enabled) found different value in property 'springdoc.api-docs.enabled' (OnPropertyCondition)
      Matched:
         - found 'session' scope (OnWebApplicationCondition)

   SwaggerConfig:
      Did not match:
         - @ConditionalOnProperty (springdoc.swagger-ui.enabled) found different value in property 'springdoc.swagger-ui.enabled' (OnPropertyCondition)
      Matched:
         - found 'session' scope (OnWebApplicationCondition)

   SwaggerUiConfigProperties:
      Did not match:
         - @ConditionalOnProperty (springdoc.swagger-ui.enabled) found different value in property 'springdoc.swagger-ui.enabled' (OnPropertyCondition)

   SwaggerUiOAuthProperties:
      Did not match:
         - @ConditionalOnProperty (springdoc.swagger-ui.enabled) found different value in property 'springdoc.swagger-ui.enabled' (OnPropertyCondition)

   TaskExecutorConfigurations.AsyncConfigurerWrapperConfiguration:
      Did not match:
         - @ConditionalOnBean (types: org.springframework.scheduling.annotation.AsyncConfigurer; SearchStrategy: all) did not find any beans of type org.springframework.scheduling.annotation.AsyncConfigurer (OnBeanCondition)

   TaskExecutorConfigurations.SimpleAsyncTaskExecutorBuilderConfiguration#simpleAsyncTaskExecutorBuilderVirtualThreads:
      Did not match:
         - @ConditionalOnMissingBean (types: org.springframework.boot.task.SimpleAsyncTaskExecutorBuilder; SearchStrategy: all) found beans of type 'org.springframework.boot.task.SimpleAsyncTaskExecutorBuilder' simpleAsyncTaskExecutorBuilder (OnBeanCondition)

   TaskExecutorConfigurations.TaskExecutorConfiguration#applicationTaskExecutorVirtualThreads:
      Did not match:
         - @ConditionalOnThreading did not find VIRTUAL (OnThreadingCondition)

   TaskSchedulingAutoConfiguration#scheduledBeanLazyInitializationExcludeFilter:
      Did not match:
         - @ConditionalOnBean (names: org.springframework.scheduling.config.internalScheduledAnnotationProcessor; SearchStrategy: all) did not find any beans named org.springframework.scheduling.config.internalScheduledAnnotationProcessor (OnBeanCondition)

   TaskSchedulingConfigurations.SimpleAsyncTaskSchedulerBuilderConfiguration#simpleAsyncTaskSchedulerBuilderVirtualThreads:
      Did not match:
         - @ConditionalOnThreading did not find VIRTUAL (OnThreadingCondition)

   TaskSchedulingConfigurations.TaskSchedulerConfiguration:
      Did not match:
         - @ConditionalOnBean (names: org.springframework.scheduling.config.internalScheduledAnnotationProcessor; SearchStrategy: all) did not find any beans named org.springframework.scheduling.config.internalScheduledAnnotationProcessor (OnBeanCondition)

   TomcatMetricsAutoConfiguration:
      Did not match:
         - @ConditionalOnClass did not find required class 'io.micrometer.core.instrument.binder.tomcat.TomcatMetrics' (OnClassCondition)

   TomcatReactiveManagementContextAutoConfiguration:
      Did not match:
         - @ConditionalOnClass did not find required class 'org.springframework.boot.actuate.autoconfigure.web.server.ManagementContextFactory' (OnClassCondition)

   TomcatReactiveWebServerAutoConfiguration:
      Did not match:
         - @ConditionalOnWebApplication did not find reactive web application classes (OnWebApplicationCondition)

   TomcatServletManagementContextAutoConfiguration:
      Did not match:
         - @ConditionalOnClass did not find required class 'org.springframework.boot.actuate.autoconfigure.web.server.ManagementContextFactory' (OnClassCondition)

   TomcatServletWebServerAutoConfiguration#tomcatForwardedHeaderFilterCustomizer:
      Did not match:
         - @ConditionalOnProperty (server.forward-headers-strategy=framework) did not find property 'server.forward-headers-strategy' (OnPropertyCondition)

   TomcatWebServerConfiguration:
      Did not match:
         - Application is deployed as a WAR file. (OnWarDeploymentCondition)

   TransactionAutoConfiguration#transactionalOperator:
      Did not match:
         - @ConditionalOnSingleCandidate (types: org.springframework.transaction.ReactiveTransactionManager; SearchStrategy: all) did not find any beans (OnBeanCondition)

   TransactionAutoConfiguration.AspectJTransactionManagementConfiguration:
      Did not match:
         - @ConditionalOnBean (types: org.springframework.transaction.aspectj.AbstractTransactionAspect; SearchStrategy: all) did not find any beans of type org.springframework.transaction.aspectj.AbstractTransactionAspect (OnBeanCondition)

   TransactionAutoConfiguration.EnableTransactionManagementConfiguration.JdkDynamicAutoProxyConfiguration:
      Did not match:
         - @ConditionalOnBooleanProperty (spring.aop.proxy-target-class=false) did not find property 'spring.aop.proxy-target-class' (OnPropertyCondition)

   WebMvcAutoConfiguration#hiddenHttpMethodFilter:
      Did not match:
         - @ConditionalOnBooleanProperty (spring.mvc.hiddenmethod.filter.enabled=true) did not find property 'spring.mvc.hiddenmethod.filter.enabled' (OnPropertyCondition)

   WebMvcAutoConfiguration.ProblemDetailsErrorHandlingConfiguration:
      Did not match:
         - @ConditionalOnBooleanProperty (spring.mvc.problemdetails.enabled=true) did not find property 'spring.mvc.problemdetails.enabled' (OnPropertyCondition)

   WebMvcAutoConfiguration.WebMvcAutoConfigurationAdapter#beanNameViewResolver:
      Did not match:
         - @ConditionalOnMissingBean (types: org.springframework.web.servlet.view.BeanNameViewResolver; SearchStrategy: all) found beans of type 'org.springframework.web.servlet.view.BeanNameViewResolver' beanNameViewResolver (OnBeanCondition)

   WebMvcHealthEndpointExtensionAutoConfiguration:
      Did not match:
         - @ConditionalOnClass did not find required class 'org.springframework.boot.health.actuate.endpoint.HealthEndpoint' (OnClassCondition)

   WebMvcMappingsAutoConfiguration:
      Did not match:
         - @ConditionalOnClass did not find required class 'org.springframework.boot.actuate.autoconfigure.endpoint.condition.ConditionalOnAvailableEndpoint' (OnClassCondition)

   WebMvcObservationAutoConfiguration:
      Did not match:
         - @ConditionalOnClass did not find required class 'org.springframework.boot.micrometer.observation.autoconfigure.ObservationProperties' (OnClassCondition)

   XADataSourceAutoConfiguration:
      Did not match:
         - @ConditionalOnBean (types: org.springframework.boot.jdbc.XADataSourceWrapper; SearchStrategy: all) did not find any beans of type org.springframework.boot.jdbc.XADataSourceWrapper (OnBeanCondition)
      Matched:
         - @ConditionalOnClass found required classes 'javax.sql.DataSource', 'jakarta.transaction.TransactionManager', 'org.springframework.jdbc.datasource.embedded.EmbeddedDatabaseType' (OnClassCondition)


Exclusions:
-----------

    None


Unconditional classes:
----------------------

    org.springframework.boot.autoconfigure.context.ConfigurationPropertiesAutoConfiguration

    org.springframework.boot.autoconfigure.ssl.SslAutoConfiguration

    org.springframework.boot.autoconfigure.context.PropertyPlaceholderAutoConfiguration

    org.springframework.boot.autoconfigure.context.LifecycleAutoConfiguration

    org.springdoc.core.configuration.SpringDocSpecPropertiesConfiguration

    org.springframework.boot.autoconfigure.availability.ApplicationAvailabilityAutoConfiguration

    org.springframework.boot.autoconfigure.info.ProjectInfoAutoConfiguration



2026-04-15 16:46:30.093 INFO  [main] c.h.w.WarehouseApplicationTests - Started WarehouseApplicationTests in 8.148 seconds (process running for 9.925)
2026-04-15 16:46:30.094 DEBUG [main] o.s.b.a.ApplicationAvailabilityBean - Application availability state LivenessState changed to CORRECT
2026-04-15 16:46:30.095 DEBUG [main] o.s.b.a.ApplicationAvailabilityBean - Application availability state ReadinessState changed to ACCEPTING_TRAFFIC
2026-04-15 16:46:30.441 DEBUG [main] org.hibernate.SQL - 
    select
        p1_0.id,
        p1_0.name,
        p1_0.quantity,
        p1_0.sku,
        p1_0.supplier_id,
        p1_0.warehouse_id 
    from
        products p1_0 
    offset
        ? rows 
    fetch
        first ? rows only
2026-04-15 16:46:30.480 DEBUG [main] org.hibernate.SQL - 
    select
        w1_0.id,
        w1_0.address,
        w1_0.name 
    from
        warehouses w1_0 
    where
        w1_0.id=?
2026-04-15 16:46:30.482 DEBUG [main] org.hibernate.SQL - 
    select
        s1_0.id,
        s1_0.contact_email,
        s1_0.name 
    from
        suppliers s1_0 
    where
        s1_0.id=?
2026-04-15 16:46:30.485 DEBUG [main] org.hibernate.SQL - 
    select
        c1_0.product_id,
        c1_1.id,
        c1_1.description,
        c1_1.name 
    from
        product_categories c1_0 
    join
        categories c1_1 
            on c1_1.id=c1_0.category_id 
    where
        c1_0.product_id=?
2026-04-15 16:46:30.489 DEBUG [main] org.hibernate.SQL - 
    select
        s1_0.id,
        s1_0.contact_email,
        s1_0.name 
    from
        suppliers s1_0 
    where
        s1_0.id=?
2026-04-15 16:46:30.489 DEBUG [main] org.hibernate.SQL - 
    select
        c1_0.product_id,
        c1_1.id,
        c1_1.description,
        c1_1.name 
    from
        product_categories c1_0 
    join
        categories c1_1 
            on c1_1.id=c1_0.category_id 
    where
        c1_0.product_id=?
2026-04-15 16:46:30.490 DEBUG [main] org.hibernate.SQL - 
    select
        w1_0.id,
        w1_0.address,
        w1_0.name 
    from
        warehouses w1_0 
    where
        w1_0.id=?
2026-04-15 16:46:30.491 DEBUG [main] org.hibernate.SQL - 
    select
        c1_0.product_id,
        c1_1.id,
        c1_1.description,
        c1_1.name 
    from
        product_categories c1_0 
    join
        categories c1_1 
            on c1_1.id=c1_0.category_id 
    where
        c1_0.product_id=?
2026-04-15 16:46:30.491 DEBUG [main] org.hibernate.SQL - 
    select
        c1_0.product_id,
        c1_1.id,
        c1_1.description,
        c1_1.name 
    from
        product_categories c1_0 
    join
        categories c1_1 
            on c1_1.id=c1_0.category_id 
    where
        c1_0.product_id=?
2026-04-15 16:46:30.492 INFO  [main] c.h.w.a.ServiceExecutionTimeLoggingAspect - Service method com.hikaro.warehouse.service.ProductService.demoNplusOne executed in 115 ms
2026-04-15 16:46:30.512 DEBUG [main] org.hibernate.SQL - 
    select
        p1_0.id,
        c1_0.product_id,
        c1_1.id,
        c1_1.description,
        c1_1.name,
        p1_0.name,
        p1_0.quantity,
        p1_0.sku,
        p1_0.supplier_id,
        s1_0.id,
        s1_0.contact_email,
        s1_0.name,
        p1_0.warehouse_id,
        w1_0.id,
        w1_0.address,
        w1_0.name 
    from
        products p1_0 
    left join
        product_categories c1_0 
            on p1_0.id=c1_0.product_id 
    left join
        categories c1_1 
            on c1_1.id=c1_0.category_id 
    join
        suppliers s1_0 
            on s1_0.id=p1_0.supplier_id 
    join
        warehouses w1_0 
            on w1_0.id=p1_0.warehouse_id
2026-04-15 16:46:30.517 INFO  [main] c.h.w.a.ServiceExecutionTimeLoggingAspect - Service method com.hikaro.warehouse.service.ProductService.findByNameWithEntityGraph executed in 23 ms
]]></system-out>
    <system-err><![CDATA[Mockito is currently self-attaching to enable the inline-mock-maker. This will no longer work in future releases of the JDK. Please add Mockito as an agent to your build as described in Mockito's documentation: https://javadoc.io/doc/org.mockito/mockito-core/latest/org.mockito/org/mockito/Mockito.html#0.3
WARNING: A Java agent has been loaded dynamically (/home/hikaro/.m2/repository/net/bytebuddy/byte-buddy-agent/1.17.8/byte-buddy-agent-1.17.8.jar)
WARNING: If a serviceability tool is in use, please run with -XX:+EnableDynamicAgentLoading to hide this warning
WARNING: If a serviceability tool is not in use, please run with -Djdk.instrument.traceUsage for more information
WARNING: Dynamic loading of agents will be disallowed by default in a future release
]]></system-err>
  </testcase>
  <testcase name="shouldRollbackAllChangesWithTransactional" classname="com.hikaro.warehouse.WarehouseApplicationTests" time="0.086">
    <system-out><![CDATA[2026-04-15 16:46:30.536 DEBUG [main] org.hibernate.SQL - 
    select
        count(*) 
    from
        suppliers s1_0
2026-04-15 16:46:30.539 DEBUG [main] org.hibernate.SQL - 
    select
        count(*) 
    from
        warehouses w1_0
2026-04-15 16:46:30.541 DEBUG [main] org.hibernate.SQL - 
    select
        count(*) 
    from
        products p1_0
2026-04-15 16:46:30.543 DEBUG [main] org.hibernate.SQL - 
    select
        count(*) 
    from
        shipments s1_0
2026-04-15 16:46:30.563 DEBUG [main] org.hibernate.SQL - 
    insert 
    into
        suppliers
        (contact_email, name, id) 
    values
        (?, ?, default)
2026-04-15 16:46:30.570 DEBUG [main] org.hibernate.SQL - 
    insert 
    into
        warehouses
        (address, name, id) 
    values
        (?, ?, default)
2026-04-15 16:46:30.592 DEBUG [main] org.hibernate.SQL - 
    select
        c1_0.id,
        c1_0.description,
        c1_0.name 
    from
        categories c1_0 
    where
        c1_0.id in (?, ?)
2026-04-15 16:46:30.595 DEBUG [main] org.hibernate.SQL - 
    insert 
    into
        products
        (name, quantity, sku, supplier_id, warehouse_id, id) 
    values
        (?, ?, ?, ?, ?, default)
2026-04-15 16:46:30.596 INFO  [main] c.h.w.a.ServiceExecutionTimeLoggingAspect - Service method com.hikaro.warehouse.service.DemoService.saveGraphWithTransaction executed in 51 ms
2026-04-15 16:46:30.599 DEBUG [main] org.hibernate.SQL - 
    select
        count(*) 
    from
        suppliers s1_0
2026-04-15 16:46:30.602 DEBUG [main] org.hibernate.SQL - 
    select
        count(*) 
    from
        warehouses w1_0
2026-04-15 16:46:30.603 DEBUG [main] org.hibernate.SQL - 
    select
        count(*) 
    from
        products p1_0
2026-04-15 16:46:30.605 DEBUG [main] org.hibernate.SQL - 
    select
        count(*) 
    from
        shipments s1_0
2026-04-15 16:46:30.606 DEBUG [main] o.s.w.c.s.GenericWebApplicationContext - Closing org.springframework.web.context.support.GenericWebApplicationContext@20231384, started on Wed Apr 15 16:46:22 MSK 2026
2026-04-15 16:46:30.609 INFO  [main] o.s.o.j.LocalContainerEntityManagerFactoryBean - Closing JPA EntityManagerFactory for persistence unit 'default'
2026-04-15 16:46:30.611 INFO  [main] com.zaxxer.hikari.HikariDataSource - HikariPool-1 - Shutdown initiated...
2026-04-15 16:46:30.612 INFO  [main] com.zaxxer.hikari.HikariDataSource - HikariPool-1 - Shutdown completed.
]]></system-out>
  </testcase>
  <testcase name="shouldFilterProductsByNestedCategoryUsingNativeQuery" classname="com.hikaro.warehouse.WarehouseApplicationTests" time="0.019">
    <system-out><![CDATA[
  .   ____          _            __ _ _
 /\\ / ___'_ __ _ _(_)_ __  __ _ \ \ \ \
( ( )\___ | '_ | '_| | '_ \/ _` | \ \ \ \
 \\/  ___)| |_)| | | | | || (_| |  ) ) ) )
  '  |____| .__|_| |_|_| |_\__, | / / / /
 =========|_|==============|___/=/_/_/_/

 :: Spring Boot ::                (v4.0.3)

2026-04-15 16:46:30.645 INFO  [main] c.h.w.WarehouseApplicationTests - Starting WarehouseApplicationTests using Java 25.0.2 with PID 42005 (started by hikaro in /home/hikaro/java/warehouse)
2026-04-15 16:46:30.645 DEBUG [main] c.h.w.WarehouseApplicationTests - Running with Spring Boot v4.0.3, Spring v7.0.5
2026-04-15 16:46:30.645 INFO  [main] c.h.w.WarehouseApplicationTests - No active profile set, falling back to 1 default profile: "default"
2026-04-15 16:46:30.645 DEBUG [main] o.s.boot.SpringApplication - Loading source class com.hikaro.warehouse.WarehouseApplication
2026-04-15 16:46:30.647 DEBUG [main] o.s.w.c.s.GenericWebApplicationContext - Refreshing org.springframework.web.context.support.GenericWebApplicationContext@1f393dc2
2026-04-15 16:46:30.817 INFO  [main] o.s.d.r.c.RepositoryConfigurationDelegate - Bootstrapping Spring Data JPA repositories in DEFAULT mode.
2026-04-15 16:46:30.819 DEBUG [main] o.s.b.a.AutoConfigurationPackages - @EnableAutoConfiguration was declared on a class in the package 'com.hikaro.warehouse'. Automatic @Repository and @Entity scanning is enabled.
2026-04-15 16:46:30.828 INFO  [main] o.s.d.r.c.RepositoryConfigurationDelegate - Finished Spring Data repository scanning in 9 ms. Found 5 JPA repository interfaces.
2026-04-15 16:46:30.908 INFO  [main] com.zaxxer.hikari.HikariDataSource - HikariPool-2 - Starting...
2026-04-15 16:46:30.909 INFO  [main] com.zaxxer.hikari.pool.HikariPool - HikariPool-2 - Added connection conn10: url=jdbc:h2:mem:warehouse_test_db user=SA
2026-04-15 16:46:30.909 INFO  [main] com.zaxxer.hikari.HikariDataSource - HikariPool-2 - Start completed.
2026-04-15 16:46:30.911 INFO  [main] liquibase.database - Set default schema name to PUBLIC
2026-04-15 16:46:30.933 INFO  [main] liquibase.changelog - Reading from PUBLIC.DATABASECHANGELOG
2026-04-15 16:46:30.981 INFO  [main] liquibase.ui - Database is up to date, no changesets to execute
2026-04-15 16:46:30.981 INFO  [main] liquibase.changelog - Reading from PUBLIC.DATABASECHANGELOG
2026-04-15 16:46:30.984 INFO  [main] liquibase.util - UPDATE SUMMARY
2026-04-15 16:46:30.985 INFO  [main] liquibase.util - Run:                          0
2026-04-15 16:46:30.985 INFO  [main] liquibase.util - Previously run:              15
2026-04-15 16:46:30.985 INFO  [main] liquibase.util - Filtered out:                 0
2026-04-15 16:46:30.985 INFO  [main] liquibase.util - -------------------------------
2026-04-15 16:46:30.985 INFO  [main] liquibase.util - Total change sets:           15
2026-04-15 16:46:30.985 INFO  [main] liquibase.util - Update summary generated
2026-04-15 16:46:30.985 INFO  [main] liquibase.command - Command execution complete
2026-04-15 16:46:31.007 INFO  [main] o.s.o.j.p.SpringPersistenceUnitInfo - No LoadTimeWeaver setup: ignoring JPA class transformer
2026-04-15 16:46:31.045 INFO  [main] o.s.o.j.LocalContainerEntityManagerFactoryBean - Initialized JPA EntityManagerFactory for persistence unit 'default'
2026-04-15 16:46:31.188 DEBUG [main] o.s.w.s.m.m.a.RequestMappingHandlerMapping - 37 mappings in 'requestMappingHandlerMapping'
2026-04-15 16:46:31.200 DEBUG [main] o.s.w.s.h.SimpleUrlHandlerMapping - Patterns [/webjars/**, /**] in 'resourceHandlerMapping'
2026-04-15 16:46:31.207 DEBUG [main] o.s.w.s.m.m.a.RequestMappingHandlerAdapter - ControllerAdvice beans: 0 @ModelAttribute, 0 @InitBinder, 2 RequestBodyAdvice, 1 ResponseBodyAdvice
2026-04-15 16:46:31.220 DEBUG [main] o.s.w.s.m.m.a.ExceptionHandlerExceptionResolver - ControllerAdvice beans: 1 @ExceptionHandler, 1 ResponseBodyAdvice
2026-04-15 16:46:31.267 DEBUG [main] o.s.b.a.l.ConditionEvaluationReportLogger - 


============================
CONDITIONS EVALUATION REPORT
============================


Positive matches:
-----------------

   AopAutoConfiguration matched:
      - @ConditionalOnBooleanProperty (spring.aop.auto=true) matched (OnPropertyCondition)

   AopAutoConfiguration.AspectJAutoProxyingConfiguration matched:
      - @ConditionalOnClass found required class 'org.aspectj.weaver.Advice' (OnClassCondition)

   AopAutoConfiguration.AspectJAutoProxyingConfiguration.CglibAutoProxyConfiguration matched:
      - @ConditionalOnBooleanProperty (spring.aop.proxy-target-class=true) matched (OnPropertyCondition)

   ApplicationAvailabilityAutoConfiguration#applicationAvailability matched:
      - @ConditionalOnMissingBean (types: org.springframework.boot.availability.ApplicationAvailability; SearchStrategy: all) did not find any beans (OnBeanCondition)

   DataJpaRepositoriesAutoConfiguration matched:
      - @ConditionalOnClass found required class 'org.springframework.data.jpa.repository.JpaRepository' (OnClassCondition)
      - @ConditionalOnBooleanProperty (spring.data.jpa.repositories.enabled=true) matched (OnPropertyCondition)
      - @ConditionalOnBean (types: javax.sql.DataSource; SearchStrategy: all) found bean 'dataSource'; @ConditionalOnMissingBean (types: org.springframework.data.jpa.repository.support.JpaRepositoryFactoryBean,org.springframework.data.jpa.repository.config.JpaRepositoryConfigExtension; SearchStrategy: all) did not find any beans (OnBeanCondition)

   DataSourceAutoConfiguration matched:
      - @ConditionalOnClass found required classes 'javax.sql.DataSource', 'org.springframework.jdbc.datasource.embedded.EmbeddedDatabaseType' (OnClassCondition)
      - @ConditionalOnMissingBean (types: io.r2dbc.spi.ConnectionFactory; SearchStrategy: all) did not find any beans (OnBeanCondition)

   DataSourceAutoConfiguration.PooledDataSourceConfiguration matched:
      - AnyNestedCondition 1 matched 1 did not; NestedCondition on DataSourceAutoConfiguration.PooledDataSourceCondition.PooledDataSourceAvailable PooledDataSource found supported DataSource; NestedCondition on DataSourceAutoConfiguration.PooledDataSourceCondition.ExplicitType @ConditionalOnProperty (spring.datasource.type) did not find property 'spring.datasource.type' (DataSourceAutoConfiguration.PooledDataSourceCondition)
      - @ConditionalOnMissingBean (types: javax.sql.DataSource,javax.sql.XADataSource; SearchStrategy: all) did not find any beans (OnBeanCondition)

   DataSourceAutoConfiguration.PooledDataSourceConfiguration#jdbcConnectionDetails matched:
      - @ConditionalOnMissingBean (types: org.springframework.boot.jdbc.autoconfigure.JdbcConnectionDetails; SearchStrategy: all) did not find any beans (OnBeanCondition)

   DataSourceConfiguration.Hikari matched:
      - @ConditionalOnClass found required class 'com.zaxxer.hikari.HikariDataSource' (OnClassCondition)
      - @ConditionalOnProperty (spring.datasource.type=com.zaxxer.hikari.HikariDataSource) matched (OnPropertyCondition)
      - @ConditionalOnMissingBean (types: javax.sql.DataSource; SearchStrategy: all) did not find any beans (OnBeanCondition)

   DataSourcePoolMetadataProvidersConfiguration.HikariPoolDataSourceMetadataProviderConfiguration matched:
      - @ConditionalOnClass found required class 'com.zaxxer.hikari.HikariDataSource' (OnClassCondition)

   DataSourceTransactionManagerAutoConfiguration matched:
      - @ConditionalOnClass found required classes 'javax.sql.DataSource', 'org.springframework.jdbc.core.JdbcTemplate', 'org.springframework.transaction.TransactionManager' (OnClassCondition)

   DataSourceTransactionManagerAutoConfiguration.JdbcTransactionManagerConfiguration matched:
      - @ConditionalOnSingleCandidate (types: javax.sql.DataSource; SearchStrategy: all) found a single bean 'dataSource' (OnBeanCondition)

   DataWebAutoConfiguration matched:
      - @ConditionalOnClass found required classes 'org.springframework.data.web.PageableHandlerMethodArgumentResolver', 'org.springframework.web.servlet.config.annotation.WebMvcConfigurer' (OnClassCondition)
      - found 'session' scope (OnWebApplicationCondition)
      - @ConditionalOnMissingBean (types: org.springframework.data.web.PageableHandlerMethodArgumentResolver; SearchStrategy: all) did not find any beans (OnBeanCondition)

   DataWebAutoConfiguration#pageableCustomizer matched:
      - @ConditionalOnMissingBean (types: org.springframework.data.web.config.PageableHandlerMethodArgumentResolverCustomizer; SearchStrategy: all) did not find any beans (OnBeanCondition)

[...]

   SpringDocConfiguration:
      Did not match:
         - @ConditionalOnProperty (springdoc.api-docs.enabled) found different value in property 'springdoc.api-docs.enabled' (OnPropertyCondition)
      Matched:
         - @ConditionalOnWebApplication (required) found 'session' scope (OnWebApplicationCondition)

   SpringDocDataRestConfiguration:
      Did not match:
         - @ConditionalOnClass did not find required class 'org.springframework.data.rest.core.config.RepositoryRestConfiguration' (OnClassCondition)

   SpringDocFunctionCatalogConfiguration:
      Did not match:
         - @ConditionalOnClass did not find required class 'org.springframework.cloud.function.web.function.FunctionEndpointInitializer' (OnClassCondition)

   SpringDocGroovyConfiguration:
      Did not match:
         - @ConditionalOnClass did not find required class 'groovy.lang.MetaClass' (OnClassCondition)

   SpringDocHateoasConfiguration:
      Did not match:
         - @ConditionalOnClass did not find required class 'org.springframework.hateoas.server.LinkRelationProvider' (OnClassCondition)

   SpringDocJacksonKotlinModuleConfiguration:
      Did not match:
         - @ConditionalOnClass did not find required class 'com.fasterxml.jackson.module.kotlin.KotlinModule' (OnClassCondition)

   SpringDocJavadocConfiguration:
      Did not match:
         - @ConditionalOnClass did not find required class 'com.github.therapi.runtimejavadoc.CommentFormatter' (OnClassCondition)

   SpringDocKotlinConfiguration:
      Did not match:
         - @ConditionalOnClass did not find required class 'kotlin.coroutines.Continuation' (OnClassCondition)

   SpringDocKotlinxConfiguration:
      Did not match:
         - @ConditionalOnClass did not find required class 'kotlinx.coroutines.flow.Flow' (OnClassCondition)

   SpringDocPageableConfiguration:
      Did not match:
         - @ConditionalOnProperty (springdoc.api-docs.enabled) found different value in property 'springdoc.api-docs.enabled' (OnPropertyCondition)
      Matched:
         - @ConditionalOnClass found required class 'org.springframework.data.domain.Pageable' (OnClassCondition)
         - @ConditionalOnWebApplication (required) found 'session' scope (OnWebApplicationCondition)

   SpringDocSecurityConfiguration:
      Did not match:
         - @ConditionalOnClass did not find required class 'org.springframework.security.web.SecurityFilterChain' (OnClassCondition)

   SpringDocSortConfiguration:
      Did not match:
         - @ConditionalOnProperty (springdoc.api-docs.enabled) found different value in property 'springdoc.api-docs.enabled' (OnPropertyCondition)
      Matched:
         - @ConditionalOnClass found required class 'org.springframework.data.domain.Sort' (OnClassCondition)
         - @ConditionalOnWebApplication (required) found 'session' scope (OnWebApplicationCondition)

   SpringDocWebMvcConfiguration:
      Did not match:
         - @ConditionalOnProperty (springdoc.api-docs.enabled) found different value in property 'springdoc.api-docs.enabled' (OnPropertyCondition)
      Matched:
         - found 'session' scope (OnWebApplicationCondition)

   SwaggerConfig:
      Did not match:
         - @ConditionalOnProperty (springdoc.swagger-ui.enabled) found different value in property 'springdoc.swagger-ui.enabled' (OnPropertyCondition)
      Matched:
         - found 'session' scope (OnWebApplicationCondition)

   SwaggerUiConfigProperties:
      Did not match:
         - @ConditionalOnProperty (springdoc.swagger-ui.enabled) found different value in property 'springdoc.swagger-ui.enabled' (OnPropertyCondition)

   SwaggerUiOAuthProperties:
      Did not match:
         - @ConditionalOnProperty (springdoc.swagger-ui.enabled) found different value in property 'springdoc.swagger-ui.enabled' (OnPropertyCondition)

   TaskExecutorConfigurations.AsyncConfigurerWrapperConfiguration:
      Did not match:
         - @ConditionalOnBean (types: org.springframework.scheduling.annotation.AsyncConfigurer; SearchStrategy: all) did not find any beans of type org.springframework.scheduling.annotation.AsyncConfigurer (OnBeanCondition)

   TaskExecutorConfigurations.SimpleAsyncTaskExecutorBuilderConfiguration#simpleAsyncTaskExecutorBuilderVirtualThreads:
      Did not match:
         - @ConditionalOnThreading did not find VIRTUAL (OnThreadingCondition)

   TaskExecutorConfigurations.TaskExecutorConfiguration#applicationTaskExecutorVirtualThreads:
      Did not match:
         - @ConditionalOnThreading did not find VIRTUAL (OnThreadingCondition)

   TaskSchedulingAutoConfiguration#scheduledBeanLazyInitializationExcludeFilter:
      Did not match:
         - @ConditionalOnBean (names: org.springframework.scheduling.config.internalScheduledAnnotationProcessor; SearchStrategy: all) did not find any beans named org.springframework.scheduling.config.internalScheduledAnnotationProcessor (OnBeanCondition)

   TaskSchedulingConfigurations.SimpleAsyncTaskSchedulerBuilderConfiguration#simpleAsyncTaskSchedulerBuilderVirtualThreads:
      Did not match:
         - @ConditionalOnMissingBean (types: org.springframework.boot.task.SimpleAsyncTaskSchedulerBuilder; SearchStrategy: all) found beans of type 'org.springframework.boot.task.SimpleAsyncTaskSchedulerBuilder' simpleAsyncTaskSchedulerBuilder (OnBeanCondition)

   TaskSchedulingConfigurations.TaskSchedulerConfiguration:
      Did not match:
         - @ConditionalOnBean (names: org.springframework.scheduling.config.internalScheduledAnnotationProcessor; SearchStrategy: all) did not find any beans named org.springframework.scheduling.config.internalScheduledAnnotationProcessor (OnBeanCondition)

   TomcatMetricsAutoConfiguration:
      Did not match:
         - @ConditionalOnClass did not find required class 'io.micrometer.core.instrument.binder.tomcat.TomcatMetrics' (OnClassCondition)

   TomcatReactiveManagementContextAutoConfiguration:
      Did not match:
         - @ConditionalOnClass did not find required class 'org.springframework.boot.actuate.autoconfigure.web.server.ManagementContextFactory' (OnClassCondition)

   TomcatReactiveWebServerAutoConfiguration:
      Did not match:
         - @ConditionalOnWebApplication did not find reactive web application classes (OnWebApplicationCondition)

   TomcatServletManagementContextAutoConfiguration:
      Did not match:
         - @ConditionalOnClass did not find required class 'org.springframework.boot.actuate.autoconfigure.web.server.ManagementContextFactory' (OnClassCondition)

   TomcatServletWebServerAutoConfiguration#tomcatForwardedHeaderFilterCustomizer:
      Did not match:
         - @ConditionalOnProperty (server.forward-headers-strategy=framework) did not find property 'server.forward-headers-strategy' (OnPropertyCondition)

   TomcatWebServerConfiguration:
      Did not match:
         - Application is deployed as a WAR file. (OnWarDeploymentCondition)

   TransactionAutoConfiguration#transactionalOperator:
      Did not match:
         - @ConditionalOnSingleCandidate (types: org.springframework.transaction.ReactiveTransactionManager; SearchStrategy: all) did not find any beans (OnBeanCondition)

   TransactionAutoConfiguration.AspectJTransactionManagementConfiguration:
      Did not match:
         - @ConditionalOnBean (types: org.springframework.transaction.aspectj.AbstractTransactionAspect; SearchStrategy: all) did not find any beans of type org.springframework.transaction.aspectj.AbstractTransactionAspect (OnBeanCondition)

   TransactionAutoConfiguration.EnableTransactionManagementConfiguration.JdkDynamicAutoProxyConfiguration:
      Did not match:
         - @ConditionalOnBooleanProperty (spring.aop.proxy-target-class=false) did not find property 'spring.aop.proxy-target-class' (OnPropertyCondition)

   WebMvcAutoConfiguration#hiddenHttpMethodFilter:
      Did not match:
         - @ConditionalOnBooleanProperty (spring.mvc.hiddenmethod.filter.enabled=true) did not find property 'spring.mvc.hiddenmethod.filter.enabled' (OnPropertyCondition)

   WebMvcAutoConfiguration.ProblemDetailsErrorHandlingConfiguration:
      Did not match:
         - @ConditionalOnBooleanProperty (spring.mvc.problemdetails.enabled=true) did not find property 'spring.mvc.problemdetails.enabled' (OnPropertyCondition)

   WebMvcAutoConfiguration.WebMvcAutoConfigurationAdapter#beanNameViewResolver:
      Did not match:
         - @ConditionalOnMissingBean (types: org.springframework.web.servlet.view.BeanNameViewResolver; SearchStrategy: all) found beans of type 'org.springframework.web.servlet.view.BeanNameViewResolver' beanNameViewResolver (OnBeanCondition)

   WebMvcHealthEndpointExtensionAutoConfiguration:
      Did not match:
         - @ConditionalOnClass did not find required class 'org.springframework.boot.health.actuate.endpoint.HealthEndpoint' (OnClassCondition)

   WebMvcMappingsAutoConfiguration:
      Did not match:
         - @ConditionalOnClass did not find required class 'org.springframework.boot.actuate.autoconfigure.endpoint.condition.ConditionalOnAvailableEndpoint' (OnClassCondition)

   WebMvcObservationAutoConfiguration:
      Did not match:
         - @ConditionalOnClass did not find required class 'org.springframework.boot.micrometer.observation.autoconfigure.ObservationProperties' (OnClassCondition)

   XADataSourceAutoConfiguration:
      Did not match:
         - @ConditionalOnBean (types: org.springframework.boot.jdbc.XADataSourceWrapper; SearchStrategy: all) did not find any beans of type org.springframework.boot.jdbc.XADataSourceWrapper (OnBeanCondition)
      Matched:
         - @ConditionalOnClass found required classes 'javax.sql.DataSource', 'jakarta.transaction.TransactionManager', 'org.springframework.jdbc.datasource.embedded.EmbeddedDatabaseType' (OnClassCondition)


Exclusions:
-----------

    None


Unconditional classes:
----------------------

    org.springframework.boot.autoconfigure.context.ConfigurationPropertiesAutoConfiguration

    org.springframework.boot.autoconfigure.ssl.SslAutoConfiguration

    org.springframework.boot.autoconfigure.context.PropertyPlaceholderAutoConfiguration

    org.springframework.boot.autoconfigure.context.LifecycleAutoConfiguration

    org.springdoc.core.configuration.SpringDocSpecPropertiesConfiguration

    org.springframework.boot.autoconfigure.availability.ApplicationAvailabilityAutoConfiguration

    org.springframework.boot.autoconfigure.info.ProjectInfoAutoConfiguration



2026-04-15 16:46:33.506 INFO  [main] c.h.w.WarehouseApplicationTests - Started WarehouseApplicationTests in 0.417 seconds (process running for 13.338)
2026-04-15 16:46:33.506 DEBUG [main] o.s.b.a.ApplicationAvailabilityBean - Application availability state LivenessState changed to CORRECT
2026-04-15 16:46:33.506 DEBUG [main] o.s.b.a.ApplicationAvailabilityBean - Application availability state ReadinessState changed to ACCEPTING_TRAFFIC
2026-04-15 16:46:33.511 DEBUG [main] org.hibernate.SQL - 
    select
        count(*) 
    from
        products p1_0
]]></system-out>
  </testcase>
  <testcase name="shouldReturnNPlusOneDemoWithoutLazyInitializationFailure" classname="com.hikaro.warehouse.WarehouseApplicationTests" time="0.012">
    <system-out><![CDATA[2026-04-15 16:46:33.519 DEBUG [main] org.hibernate.SQL - 
    select
        p1_0.id,
        p1_0.name,
        p1_0.quantity,
        p1_0.sku,
        p1_0.supplier_id,
        p1_0.warehouse_id 
    from
        products p1_0 
    offset
        ? rows 
    fetch
        first ? rows only
2026-04-15 16:46:33.521 DEBUG [main] org.hibernate.SQL - 
    select
        w1_0.id,
        w1_0.address,
        w1_0.name 
    from
        warehouses w1_0 
    where
        w1_0.id=?
2026-04-15 16:46:33.522 DEBUG [main] org.hibernate.SQL - 
    select
        s1_0.id,
        s1_0.contact_email,
        s1_0.name 
    from
        suppliers s1_0 
    where
        s1_0.id=?
2026-04-15 16:46:33.522 DEBUG [main] org.hibernate.SQL - 
    select
        c1_0.product_id,
        c1_1.id,
        c1_1.description,
        c1_1.name 
    from
        product_categories c1_0 
    join
        categories c1_1 
            on c1_1.id=c1_0.category_id 
    where
        c1_0.product_id=?
2026-04-15 16:46:33.523 DEBUG [main] org.hibernate.SQL - 
    select
        s1_0.id,
        s1_0.contact_email,
        s1_0.name 
    from
        suppliers s1_0 
    where
        s1_0.id=?
2026-04-15 16:46:33.523 DEBUG [main] org.hibernate.SQL - 
    select
        c1_0.product_id,
        c1_1.id,
        c1_1.description,
        c1_1.name 
    from
        product_categories c1_0 
    join
        categories c1_1 
            on c1_1.id=c1_0.category_id 
    where
        c1_0.product_id=?
2026-04-15 16:46:33.524 DEBUG [main] org.hibernate.SQL - 
    select
        w1_0.id,
        w1_0.address,
        w1_0.name 
    from
        warehouses w1_0 
    where
        w1_0.id=?
2026-04-15 16:46:33.524 DEBUG [main] org.hibernate.SQL - 
    select
        c1_0.product_id,
        c1_1.id,
        c1_1.description,
        c1_1.name 
    from
        product_categories c1_0 
    join
        categories c1_1 
            on c1_1.id=c1_0.category_id 
    where
        c1_0.product_id=?
2026-04-15 16:46:33.524 DEBUG [main] org.hibernate.SQL - 
    select
        c1_0.product_id,
        c1_1.id,
        c1_1.description,
        c1_1.name 
    from
        product_categories c1_0 
    join
        categories c1_1 
            on c1_1.id=c1_0.category_id 
    where
        c1_0.product_id=?
2026-04-15 16:46:33.524 DEBUG [main] org.hibernate.SQL - 
    select
        c1_0.product_id,
        c1_1.id,
        c1_1.description,
        c1_1.name 
    from
        product_categories c1_0 
    join
        categories c1_1 
            on c1_1.id=c1_0.category_id 
    where
        c1_0.product_id=?
2026-04-15 16:46:33.525 DEBUG [main] org.hibernate.SQL - 
    select
        c1_0.product_id,
        c1_1.id,
        c1_1.description,
        c1_1.name 
    from
        product_categories c1_0 
    join
        categories c1_1 
            on c1_1.id=c1_0.category_id 
    where
        c1_0.product_id=?
2026-04-15 16:46:33.525 DEBUG [main] org.hibernate.SQL - 
    select
        w1_0.id,
        w1_0.address,
        w1_0.name 
    from
        warehouses w1_0 
    where
        w1_0.id=?
2026-04-15 16:46:33.525 DEBUG [main] org.hibernate.SQL - 
    select
        s1_0.id,
        s1_0.contact_email,
        s1_0.name 
    from
        suppliers s1_0 
    where
        s1_0.id=?
2026-04-15 16:46:33.526 DEBUG [main] org.hibernate.SQL - 
    select
        c1_0.product_id,
        c1_1.id,
        c1_1.description,
        c1_1.name 
    from
        product_categories c1_0 
    join
        categories c1_1 
            on c1_1.id=c1_0.category_id 
    where
        c1_0.product_id=?
2026-04-15 16:46:33.526 INFO  [main] c.h.w.a.ServiceExecutionTimeLoggingAspect - Service method com.hikaro.warehouse.service.ProductService.demoNplusOne executed in 8 ms
]]></system-out>
  </testcase>
  <testcase name="shouldPersistBulkProductsWithoutOuterTransaction" classname="com.hikaro.warehouse.WarehouseApplicationTests" time="0.041">
    <system-out><![CDATA[2026-04-15 16:46:33.530 DEBUG [main] org.hibernate.SQL - 
    select
        count(*) 
    from
        products p1_0
2026-04-15 16:46:33.532 DEBUG [main] org.hibernate.SQL - 
    select
        w1_0.id,
        w1_0.address,
        w1_0.name 
    from
        warehouses w1_0 
    where
        w1_0.id=?
2026-04-15 16:46:33.534 DEBUG [main] org.hibernate.SQL - 
    select
        s1_0.id,
        s1_0.contact_email,
        s1_0.name 
    from
        suppliers s1_0 
    where
        s1_0.id=?
2026-04-15 16:46:33.536 DEBUG [main] org.hibernate.SQL - 
    select
        c1_0.id,
        c1_0.description,
        c1_0.name 
    from
        categories c1_0 
    where
        c1_0.id in (?, ?)
2026-04-15 16:46:33.538 DEBUG [main] org.hibernate.SQL - 
    select
        w1_0.id,
        w1_0.address,
        w1_0.name 
    from
        warehouses w1_0 
    where
        w1_0.id=?
2026-04-15 16:46:33.539 DEBUG [main] org.hibernate.SQL - 
    select
        s1_0.id,
        s1_0.contact_email,
        s1_0.name 
    from
        suppliers s1_0 
    where
        s1_0.id=?
2026-04-15 16:46:33.542 DEBUG [main] org.hibernate.SQL - 
    select
        c1_0.id,
        c1_0.description,
        c1_0.name 
    from
        categories c1_0 
    where
        c1_0.id in (?)
2026-04-15 16:46:33.544 DEBUG [main] org.hibernate.SQL - 
    insert 
    into
        products
        (name, quantity, sku, supplier_id, warehouse_id, id) 
    values
        (?, ?, ?, ?, ?, default)
2026-04-15 16:46:33.545 DEBUG [main] org.hibernate.SQL - 
    insert 
    into
        products
        (name, quantity, sku, supplier_id, warehouse_id, id) 
    values
        (?, ?, ?, ?, ?, default)
2026-04-15 16:46:33.548 DEBUG [main] org.hibernate.SQL - 
    insert 
    into
        product_categories
        (product_id, category_id) 
    values
        (?, ?)
2026-04-15 16:46:33.549 DEBUG [main] org.hibernate.SQL - 
    insert 
    into
        product_categories
        (product_id, category_id) 
    values
        (?, ?)
2026-04-15 16:46:33.550 DEBUG [main] org.hibernate.SQL - 
    insert 
    into
        product_categories
        (product_id, category_id) 
    values
        (?, ?)
2026-04-15 16:46:33.550 DEBUG [main] org.hibernate.SQL - 
    select
        p1_0.id,
        c1_0.product_id,
        c1_1.id,
        c1_1.description,
        c1_1.name,
        p1_0.name,
        p1_0.quantity,
        p1_0.sku,
        p1_0.supplier_id,
        s1_0.id,
        s1_0.contact_email,
        s1_0.name,
        p1_0.warehouse_id,
        w1_0.id,
        w1_0.address,
        w1_0.name 
    from
        products p1_0 
    left join
        product_categories c1_0 
            on p1_0.id=c1_0.product_id 
    left join
        categories c1_1 
            on c1_1.id=c1_0.category_id 
    join
        suppliers s1_0 
            on s1_0.id=p1_0.supplier_id 
    join
        warehouses w1_0 
            on w1_0.id=p1_0.warehouse_id
2026-04-15 16:46:33.557 DEBUG [main] org.hibernate.SQL - 
    select
        p1_0.id,
        c1_0.product_id,
        c1_1.id,
        c1_1.description,
        c1_1.name,
        p1_0.name,
        p1_0.quantity,
        p1_0.sku,
        p1_0.supplier_id,
        s1_0.id,
        s1_0.contact_email,
        s1_0.name,
        p1_0.warehouse_id,
        w1_0.id,
        w1_0.address,
        w1_0.name 
    from
        products p1_0 
    left join
        product_categories c1_0 
            on p1_0.id=c1_0.product_id 
    left join
        categories c1_1 
            on c1_1.id=c1_0.category_id 
    join
        suppliers s1_0 
            on s1_0.id=p1_0.supplier_id 
    join
        warehouses w1_0 
            on w1_0.id=p1_0.warehouse_id
2026-04-15 16:46:33.559 INFO  [main] c.h.w.a.ServiceExecutionTimeLoggingAspect - Service method com.hikaro.warehouse.service.ProductService.createBulk executed in 27 ms
2026-04-15 16:46:33.560 INFO  [main] c.h.w.a.ServiceExecutionTimeLoggingAspect - Service method com.hikaro.warehouse.service.DemoService.saveProductsBulkWithoutTransaction executed in 28 ms
2026-04-15 16:46:33.561 DEBUG [main] org.hibernate.SQL - 
    select
        count(*) 
    from
        products p1_0
2026-04-15 16:46:33.563 DEBUG [main] o.s.w.c.s.GenericWebApplicationContext - Closing org.springframework.web.context.support.GenericWebApplicationContext@22ee70cf, started on Wed Apr 15 16:46:33 MSK 2026
2026-04-15 16:46:33.564 INFO  [main] o.s.o.j.LocalContainerEntityManagerFactoryBean - Closing JPA EntityManagerFactory for persistence unit 'default'
2026-04-15 16:46:33.564 INFO  [main] com.zaxxer.hikari.HikariDataSource - HikariPool-7 - Shutdown initiated...
2026-04-15 16:46:33.568 INFO  [main] com.zaxxer.hikari.HikariDataSource - HikariPool-7 - Shutdown completed.
]]></system-out>
  </testcase>
</testsuite>